[0;34m  40,HTTP/1.1,200,  4.24, 288348,https://www.qa.rent.com/georgia/atlanta-apartments,0,2018-04-24 20:57:54[0m
[0;34m  88,HTTP/1.1,200,  4.25, 288348,https://www.qa.rent.com/georgia/atlanta-apartments,0,2018-04-24 20:57:54[0m
[0;34m  21,HTTP/1.1,200,  4.25, 288348,https://www.qa.rent.com/georgia/atlanta-apartments,0,2018-04-24 20:57:54[0m
[0;34m  87,HTTP/1.1,200,  4.25, 288348,https://www.qa.rent.com/georgia/atlanta-apartments,0,2018-04-24 20:57:54[0m
[0;34m  32,HTTP/1.1,200,  4.25, 288348,https://www.qa.rent.com/georgia/atlanta-apartments,0,2018-04-24 20:57:54[0m
[0;34m  91,HTTP/1.1,200,  4.29, 288348,https://www.qa.rent.com/georgia/atlanta-apartments,0,2018-04-24 20:57:54[0m
[0;34m   8,HTTP/1.1,200,  4.29, 288348,https://www.qa.rent.com/georgia/atlanta-apartments,0,2018-04-24 20:57:54[0m
[0;34m  43,HTTP/1.1,200,  4.29, 288348,https://www.qa.rent.com/georgia/atlanta-apartments,0,2018-04-24 20:57:54[0m
[0;34m  85,HTTP/1.1,200,  4.29, 288348,https://www.qa.rent.com/georgia/atlanta-apartments,0,2018-04-24 20:57:54[0m
[0;34m  60,HTTP/1.1,200,  4.29, 288348,https://www.qa.rent.com/georgia/atlanta-apartments,0,2018-04-24 20:57:54[0m
[0;34m  76,HTTP/1.1,200,  4.29, 288348,https://www.qa.rent.com/georgia/atlanta-apartments,0,2018-04-24 20:57:54[0m
[0;34m  10,HTTP/1.1,200,  4.29, 288348,https://www.qa.rent.com/georgia/atlanta-apartments,0,2018-04-24 20:57:54[0m
[0;34m  79,HTTP/1.1,200,  4.29, 288348,https://www.qa.rent.com/georgia/atlanta-apartments,0,2018-04-24 20:57:54[0m
[0;34m   5,HTTP/1.1,200,  4.31, 288348,https://www.qa.rent.com/georgia/atlanta-apartments,0,2018-04-24 20:57:54[0m
[0;34m  33,HTTP/1.1,200,  4.30, 288348,https://www.qa.rent.com/georgia/atlanta-apartments,0,2018-04-24 20:57:54[0m
[0;34m  41,HTTP/1.1,200,  4.30, 288348,https://www.qa.rent.com/georgia/atlanta-apartments,0,2018-04-24 20:57:54[0m
[0;34m  31,HTTP/1.1,200,  4.30, 288348,https://www.qa.rent.com/georgia/atlanta-apartments,0,2018-04-24 20:57:54[0m
[0;34m  14,HTTP/1.1,200,  4.31, 288348,https://www.qa.rent.com/georgia/atlanta-apartments,0,2018-04-24 20:57:54[0m
[0;34m  68,HTTP/1.1,200,  4.31, 288348,https://www.qa.rent.com/georgia/atlanta-apartments,0,2018-04-24 20:57:54[0m
[0;34m  50,HTTP/1.1,200,  4.31, 288348,https://www.qa.rent.com/georgia/atlanta-apartments,0,2018-04-24 20:57:54[0m
[0;34m   3,HTTP/1.1,200,  4.32, 288348,https://www.qa.rent.com/georgia/atlanta-apartments,0,2018-04-24 20:57:54[0m
[0;34m   0,HTTP/1.1,200,  4.32, 288348,https://www.qa.rent.com/georgia/atlanta-apartments,0,2018-04-24 20:57:54[0m
[0;34m  82,HTTP/1.1,200,  4.31, 288348,https://www.qa.rent.com/georgia/atlanta-apartments,0,2018-04-24 20:57:54[0m
[0;34m  49,HTTP/1.1,200,  4.31, 288348,https://www.qa.rent.com/georgia/atlanta-apartments,0,2018-04-24 20:57:54[0m
[0;34m  67,HTTP/1.1,200,  4.31, 288348,https://www.qa.rent.com/georgia/atlanta-apartments,0,2018-04-24 20:57:54[0m
[0;34m  34,HTTP/1.1,200,  4.31, 288348,https://www.qa.rent.com/georgia/atlanta-apartments,0,2018-04-24 20:57:54[0m
[0;34m   1,HTTP/1.1,200,  4.33, 288348,https://www.qa.rent.com/georgia/atlanta-apartments,0,2018-04-24 20:57:54[0m
[0;34m  48,HTTP/1.1,200,  4.32, 288348,https://www.qa.rent.com/georgia/atlanta-apartments,0,2018-04-24 20:57:54[0m
[0;34m  45,HTTP/1.1,200,  4.32, 288348,https://www.qa.rent.com/georgia/atlanta-apartments,0,2018-04-24 20:57:54[0m
[0;34m  52,HTTP/1.1,200,  4.32, 288348,https://www.qa.rent.com/georgia/atlanta-apartments,0,2018-04-24 20:57:54[0m
[0;34m  30,HTTP/1.1,200,  4.32, 288348,https://www.qa.rent.com/georgia/atlanta-apartments,0,2018-04-24 20:57:54[0m
[0;34m  99,HTTP/1.1,200,  4.32, 288348,https://www.qa.rent.com/georgia/atlanta-apartments,0,2018-04-24 20:57:54[0m
[0;34m  11,HTTP/1.1,200,  4.32, 288348,https://www.qa.rent.com/georgia/atlanta-apartments,0,2018-04-24 20:57:54[0m
[0;34m  17,HTTP/1.1,200,  4.32, 288348,https://www.qa.rent.com/georgia/atlanta-apartments,0,2018-04-24 20:57:54[0m
[0;34m  19,HTTP/1.1,200,  4.32, 288348,https://www.qa.rent.com/georgia/atlanta-apartments,0,2018-04-24 20:57:54[0m
[0;34m  26,HTTP/1.1,200,  4.32, 288348,https://www.qa.rent.com/georgia/atlanta-apartments,0,2018-04-24 20:57:54[0m
[0;34m  71,HTTP/1.1,200,  4.33, 288348,https://www.qa.rent.com/georgia/atlanta-apartments,0,2018-04-24 20:57:54[0m
[0;34m  22,HTTP/1.1,200,  4.35, 288348,https://www.qa.rent.com/georgia/atlanta-apartments,0,2018-04-24 20:57:54[0m
[0;34m   4,HTTP/1.1,200,  4.37, 288348,https://www.qa.rent.com/georgia/atlanta-apartments,0,2018-04-24 20:57:54[0m
[0;34m  44,HTTP/1.1,200,  4.36, 288348,https://www.qa.rent.com/georgia/atlanta-apartments,0,2018-04-24 20:57:54[0m
[0;34m  83,HTTP/1.1,200,  4.37, 288348,https://www.qa.rent.com/georgia/atlanta-apartments,0,2018-04-24 20:57:54[0m
[0;34m  39,HTTP/1.1,200,  4.37, 288348,https://www.qa.rent.com/georgia/atlanta-apartments,0,2018-04-24 20:57:54[0m
[0;34m  28,HTTP/1.1,200,  4.38, 288348,https://www.qa.rent.com/georgia/atlanta-apartments,0,2018-04-24 20:57:54[0m
[0;34m  58,HTTP/1.1,200,  4.38, 288348,https://www.qa.rent.com/georgia/atlanta-apartments,0,2018-04-24 20:57:54[0m
[0;34m  81,HTTP/1.1,200,  4.38, 288348,https://www.qa.rent.com/georgia/atlanta-apartments,0,2018-04-24 20:57:54[0m
[0;34m  94,HTTP/1.1,200,  4.39, 288348,https://www.qa.rent.com/georgia/atlanta-apartments,0,2018-04-24 20:57:54[0m
[0;34m  70,HTTP/1.1,200,  4.39, 288348,https://www.qa.rent.com/georgia/atlanta-apartments,0,2018-04-24 20:57:54[0m
[0;34m  42,HTTP/1.1,200,  4.39, 288348,https://www.qa.rent.com/georgia/atlanta-apartments,0,2018-04-24 20:57:54[0m
[0;34m  96,HTTP/1.1,200,  4.39, 288348,https://www.qa.rent.com/georgia/atlanta-apartments,0,2018-04-24 20:57:54[0m
[0;34m  47,HTTP/1.1,200,  4.39, 288348,https://www.qa.rent.com/georgia/atlanta-apartments,0,2018-04-24 20:57:54[0m
[0;34m  38,HTTP/1.1,200,  4.49, 288348,https://www.qa.rent.com/georgia/atlanta-apartments,0,2018-04-24 20:57:55[0m
[0;34m  92,HTTP/1.1,200,  4.53, 288348,https://www.qa.rent.com/georgia/atlanta-apartments,0,2018-04-24 20:57:55[0m
[0;34m  73,HTTP/1.1,200,  4.60, 288348,https://www.qa.rent.com/georgia/atlanta-apartments,0,2018-04-24 20:57:55[0m
[0;34m  74,HTTP/1.1,200,  4.63, 288348,https://www.qa.rent.com/georgia/atlanta-apartments,0,2018-04-24 20:57:55[0m
[0;34m  27,HTTP/1.1,200,  4.65, 288348,https://www.qa.rent.com/georgia/atlanta-apartments,0,2018-04-24 20:57:55[0m
[0;34m  93,HTTP/1.1,200,  4.65, 288348,https://www.qa.rent.com/georgia/atlanta-apartments,0,2018-04-24 20:57:55[0m
[0;34m  62,HTTP/1.1,200,  4.65, 288348,https://www.qa.rent.com/georgia/atlanta-apartments,0,2018-04-24 20:57:55[0m
[0;34m  84,HTTP/1.1,200,  4.66, 288348,https://www.qa.rent.com/georgia/atlanta-apartments,0,2018-04-24 20:57:55[0m
[0;34m  95,HTTP/1.1,200,  4.66, 288348,https://www.qa.rent.com/georgia/atlanta-apartments,0,2018-04-24 20:57:55[0m
[0;34m  64,HTTP/1.1,200,  4.66, 288348,https://www.qa.rent.com/georgia/atlanta-apartments,0,2018-04-24 20:57:55[0m
[0;34m  56,HTTP/1.1,200,  4.66, 288348,https://www.qa.rent.com/georgia/atlanta-apartments,0,2018-04-24 20:57:55[0m
[0;34m  16,HTTP/1.1,200,  4.66, 288348,https://www.qa.rent.com/georgia/atlanta-apartments,0,2018-04-24 20:57:55[0m
[0;34m  53,HTTP/1.1,200,  4.67, 288348,https://www.qa.rent.com/georgia/atlanta-apartments,0,2018-04-24 20:57:55[0m
[0;34m  80,HTTP/1.1,200,  4.68, 288348,https://www.qa.rent.com/georgia/atlanta-apartments,0,2018-04-24 20:57:55[0m
[0;34m  24,HTTP/1.1,200,  4.68, 288348,https://www.qa.rent.com/georgia/atlanta-apartments,0,2018-04-24 20:57:55[0m
[0;34m  78,HTTP/1.1,200,  4.68, 288348,https://www.qa.rent.com/georgia/atlanta-apartments,0,2018-04-24 20:57:55[0m
[0;34m  59,HTTP/1.1,200,  4.68, 288348,https://www.qa.rent.com/georgia/atlanta-apartments,0,2018-04-24 20:57:55[0m
[0;34m  20,HTTP/1.1,200,  4.69, 288348,https://www.qa.rent.com/georgia/atlanta-apartments,0,2018-04-24 20:57:55[0m
[0;34m  65,HTTP/1.1,200,  4.69, 288348,https://www.qa.rent.com/georgia/atlanta-apartments,0,2018-04-24 20:57:55[0m
[0;34m  57,HTTP/1.1,200,  4.69, 288348,https://www.qa.rent.com/georgia/atlanta-apartments,0,2018-04-24 20:57:55[0m
[0;34m  51,HTTP/1.1,200,  4.69, 288348,https://www.qa.rent.com/georgia/atlanta-apartments,0,2018-04-24 20:57:55[0m
[0;34m  98,HTTP/1.1,200,  4.69, 288348,https://www.qa.rent.com/georgia/atlanta-apartments,0,2018-04-24 20:57:55[0m
[0;34m  89,HTTP/1.1,200,  4.69, 288348,https://www.qa.rent.com/georgia/atlanta-apartments,0,2018-04-24 20:57:55[0m
[0;34m  37,HTTP/1.1,200,  4.69, 288348,https://www.qa.rent.com/georgia/atlanta-apartments,0,2018-04-24 20:57:55[0m
[0;34m  55,HTTP/1.1,200,  4.69, 288348,https://www.qa.rent.com/georgia/atlanta-apartments,0,2018-04-24 20:57:55[0m
[0;34m  23,HTTP/1.1,200,  4.69, 288348,https://www.qa.rent.com/georgia/atlanta-apartments,0,2018-04-24 20:57:55[0m
[0;34m  12,HTTP/1.1,200,  4.69, 288348,https://www.qa.rent.com/georgia/atlanta-apartments,0,2018-04-24 20:57:55[0m
[0;34m   6,HTTP/1.1,200,  4.70, 288348,https://www.qa.rent.com/georgia/atlanta-apartments,0,2018-04-24 20:57:55[0m
[0;34m  63,HTTP/1.1,200,  4.70, 288348,https://www.qa.rent.com/georgia/atlanta-apartments,0,2018-04-24 20:57:55[0m
[0;34m   7,HTTP/1.1,200,  4.71, 288348,https://www.qa.rent.com/georgia/atlanta-apartments,0,2018-04-24 20:57:55[0m
[0;34m  66,HTTP/1.1,200,  4.71, 288348,https://www.qa.rent.com/georgia/atlanta-apartments,0,2018-04-24 20:57:55[0m
[0;34m  13,HTTP/1.1,200,  4.71, 288348,https://www.qa.rent.com/georgia/atlanta-apartments,0,2018-04-24 20:57:55[0m
[0;34m  86,HTTP/1.1,200,  4.71, 288348,https://www.qa.rent.com/georgia/atlanta-apartments,0,2018-04-24 20:57:55[0m
[0;34m  77,HTTP/1.1,200,  4.71, 288348,https://www.qa.rent.com/georgia/atlanta-apartments,0,2018-04-24 20:57:55[0m
[0;34m  29,HTTP/1.1,200,  4.71, 288348,https://www.qa.rent.com/georgia/atlanta-apartments,0,2018-04-24 20:57:55[0m
[0;34m  18,HTTP/1.1,200,  4.71, 288348,https://www.qa.rent.com/georgia/atlanta-apartments,0,2018-04-24 20:57:55[0m
[0;34m  46,HTTP/1.1,200,  4.71, 288348,https://www.qa.rent.com/georgia/atlanta-apartments,0,2018-04-24 20:57:55[0m
[0;34m  72,HTTP/1.1,200,  4.72, 288348,https://www.qa.rent.com/georgia/atlanta-apartments,0,2018-04-24 20:57:55[0m
[0;34m  36,HTTP/1.1,200,  4.72, 288348,https://www.qa.rent.com/georgia/atlanta-apartments,0,2018-04-24 20:57:55[0m
[0;34m   2,HTTP/1.1,200,  4.73, 288348,https://www.qa.rent.com/georgia/atlanta-apartments,0,2018-04-24 20:57:55[0m
[0;34m  97,HTTP/1.1,200,  4.72, 288348,https://www.qa.rent.com/georgia/atlanta-apartments,0,2018-04-24 20:57:55[0m
[0;34m  75,HTTP/1.1,200,  4.72, 288348,https://www.qa.rent.com/georgia/atlanta-apartments,0,2018-04-24 20:57:55[0m
[0;34m  35,HTTP/1.1,200,  4.72, 288348,https://www.qa.rent.com/georgia/atlanta-apartments,0,2018-04-24 20:57:55[0m
[0;34m  61,HTTP/1.1,200,  4.72, 288348,https://www.qa.rent.com/georgia/atlanta-apartments,0,2018-04-24 20:57:55[0m
[0;34m  25,HTTP/1.1,200,  4.73, 288348,https://www.qa.rent.com/georgia/atlanta-apartments,0,2018-04-24 20:57:55[0m
[0;34m  69,HTTP/1.1,200,  4.73, 288348,https://www.qa.rent.com/georgia/atlanta-apartments,0,2018-04-24 20:57:55[0m
[0;34m  54,HTTP/1.1,200,  4.74, 288348,https://www.qa.rent.com/georgia/atlanta-apartments,0,2018-04-24 20:57:55[0m
[0;34m   9,HTTP/1.1,200,  4.74, 288348,https://www.qa.rent.com/georgia/atlanta-apartments,0,2018-04-24 20:57:55[0m
[0;34m  15,HTTP/1.1,200,  4.74, 288348,https://www.qa.rent.com/georgia/atlanta-apartments,0,2018-04-24 20:57:55[0m
[0;34m  90,HTTP/1.1,200,  4.74, 288348,https://www.qa.rent.com/georgia/atlanta-apartments,0,2018-04-24 20:57:55[0m
[0;34m  10,HTTP/1.1,200,  4.18, 288348,https://www.qa.rent.com/georgia/atlanta-apartments,0,2018-04-24 20:58:22[0m
[0;34m  50,HTTP/1.1,200,  4.42, 288348,https://www.qa.rent.com/georgia/atlanta-apartments,0,2018-04-24 20:58:22[0m
[0;34m  30,HTTP/1.1,200,  4.55, 288348,https://www.qa.rent.com/georgia/atlanta-apartments,0,2018-04-24 20:58:23[0m
[0;34m  89,HTTP/1.1,200,  4.40, 288348,https://www.qa.rent.com/georgia/atlanta-apartments,0,2018-04-24 20:58:23[0m
[0;34m   6,HTTP/1.1,200,  5.44, 288348,https://www.qa.rent.com/georgia/atlanta-apartments,0,2018-04-24 20:58:23[0m
[0;34m  93,HTTP/1.1,200,  0.51,  67661,https://www.qa.rent.com/georgia/atlanta-apartments,0,2018-04-24 20:58:23[0m
[0;34m  57,HTTP/1.1,200,  4.54, 288348,https://www.qa.rent.com/georgia/atlanta-apartments,0,2018-04-24 20:58:24[0m
[0;34m  68,HTTP/1.1,200,  0.62,  67661,https://www.qa.rent.com/georgia/atlanta-apartments,0,2018-04-24 20:58:24[0m
[0;34m   2,HTTP/1.1,200,  0.57,  67661,https://www.qa.rent.com/georgia/atlanta-apartments,0,2018-04-24 20:58:24[0m
[0;34m  17,HTTP/1.1,200,  3.08, 277328,https://www.qa.rent.com/georgia/atlanta-apartments,0,2018-04-24 20:58:24[0m
[0;34m  26,HTTP/1.1,200,  3.10, 277328,https://www.qa.rent.com/georgia/atlanta-apartments,0,2018-04-24 20:58:24[0m
[0;34m  75,HTTP/1.1,200,  3.36, 277328,https://www.qa.rent.com/georgia/atlanta-apartments,0,2018-04-24 20:58:24[0m
[0;34m  82,HTTP/1.1,200,  3.20, 277328,https://www.qa.rent.com/georgia/atlanta-apartments,0,2018-04-24 20:58:24[0m
[0;34m  31,HTTP/1.1,200,  5.25, 288348,https://www.qa.rent.com/georgia/atlanta-apartments,0,2018-04-24 20:58:24[0m
[0;34m  36,HTTP/1.1,200,  2.96, 277328,https://www.qa.rent.com/georgia/atlanta-apartments,0,2018-04-24 20:58:24[0m
[0;34m   8,HTTP/1.1,200,  5.45, 288348,https://www.qa.rent.com/georgia/atlanta-apartments,0,2018-04-24 20:58:24[0m
[0;34m  63,HTTP/1.1,200,  3.03, 277328,https://www.qa.rent.com/georgia/atlanta-apartments,0,2018-04-24 20:58:24[0m
[0;34m  12,HTTP/1.1,200,  4.37, 288348,https://www.qa.rent.com/georgia/atlanta-apartments,0,2018-04-24 20:58:24[0m
[0;34m  15,HTTP/1.1,200,  5.38, 288348,https://www.qa.rent.com/georgia/atlanta-apartments,0,2018-04-24 20:58:24[0m
[0;34m  13,HTTP/1.1,200,  3.52, 277328,https://www.qa.rent.com/georgia/atlanta-apartments,0,2018-04-24 20:58:25[0m
[0;34m  46,HTTP/1.1,200,  4.15, 288348,https://www.qa.rent.com/georgia/atlanta-apartments,0,2018-04-24 20:58:25[0m
[0;34m  37,HTTP/1.1,200,  4.72, 288348,https://www.qa.rent.com/georgia/atlanta-apartments,0,2018-04-24 20:58:25[0m
[0;34m  41,HTTP/1.1,200,  3.20, 277328,https://www.qa.rent.com/georgia/atlanta-apartments,0,2018-04-24 20:58:25[0m
[0;34m  90,HTTP/1.1,200,  3.05, 277328,https://www.qa.rent.com/georgia/atlanta-apartments,0,2018-04-24 20:58:25[0m
[0;34m  20,HTTP/1.1,200,  3.15, 277328,https://www.qa.rent.com/georgia/atlanta-apartments,0,2018-04-24 20:58:25[0m
[0;34m  21,HTTP/1.1,200,  2.73, 277328,https://www.qa.rent.com/georgia/atlanta-apartments,0,2018-04-24 20:58:25[0m
[0;34m  56,HTTP/1.1,200,  3.35, 277328,https://www.qa.rent.com/georgia/atlanta-apartments,0,2018-04-24 20:58:25[0m
[0;34m  95,HTTP/1.1,200,  3.83, 277328,https://www.qa.rent.com/georgia/atlanta-apartments,0,2018-04-24 20:58:26[0m
[0;34m  39,HTTP/1.1,200,  3.97, 277328,https://www.qa.rent.com/georgia/atlanta-apartments,0,2018-04-24 20:58:26[0m
[0;34m  83,HTTP/1.1,200,  8.33, 277328,https://www.qa.rent.com/georgia/atlanta-apartments,0,2018-04-24 20:58:27[0m
[0;34m  81,HTTP/1.1,200,  8.15, 277328,https://www.qa.rent.com/georgia/atlanta-apartments,0,2018-04-24 20:58:28[0m
[0;34m  52,HTTP/1.1,200,  4.89, 288348,https://www.qa.rent.com/georgia/atlanta-apartments,0,2018-04-24 20:58:35[0m
[0;34m  50,HTTP/1.1,200,  4.19, 288348,https://www.qa.rent.com/georgia/atlanta-apartments,0,2018-04-24 20:58:35[0m
[0;34m   0,HTTP/1.1,200,  5.85, 288348,https://www.qa.rent.com/georgia/atlanta-apartments,0,2018-04-24 20:58:36[0m
[0;34m  78,HTTP/1.1,200,  5.34, 288348,https://www.qa.rent.com/georgia/atlanta-apartments,0,2018-04-24 20:58:37[0m
[0;34m  55,HTTP/1.1,200,  8.40, 288348,https://www.qa.rent.com/georgia/atlanta-apartments,0,2018-04-24 20:58:38[0m
[0;34m   5,HTTP/1.1,200,  7.34, 288348,https://www.qa.rent.com/georgia/atlanta-apartments,0,2018-04-24 20:58:38[0m
[0;34m  41,HTTP/1.1,200,  4.29, 288348,https://www.qa.rent.com/georgia/atlanta-apartments,0,2018-04-24 20:58:38[0m
[0;34m  15,HTTP/1.1,200,  6.20, 288348,https://www.qa.rent.com/georgia/atlanta-apartments,0,2018-04-24 20:58:39[0m
[0;34m  42,HTTP/1.1,200,  4.16, 288348,https://www.qa.rent.com/georgia/atlanta-apartments,0,2018-04-24 20:58:41[0m
[0;34m   2,HTTP/1.1,200,  4.25, 288348,https://www.qa.rent.com/georgia/atlanta-apartments,0,2018-04-24 20:58:42[0m
[0;34m  31,HTTP/1.1,200,  8.83, 288348,https://www.qa.rent.com/georgia/atlanta-apartments,0,2018-04-24 20:58:44[0m
[0;34m  38,HTTP/1.1,200,  9.52, 288348,https://www.qa.rent.com/georgia/atlanta-apartments,0,2018-04-24 20:58:45[0m
[0;34m  88,HTTP/1.1,200, 14.27, 288348,https://www.qa.rent.com/georgia/atlanta-apartments,0,2018-04-24 20:58:45[0m
[0;34m  77,HTTP/1.1,200,  4.69, 288348,https://www.qa.rent.com/georgia/atlanta-apartments,0,2018-04-24 20:58:45[0m
[0;34m  80,HTTP/1.1,200,  0.72,  67661,https://www.qa.rent.com/georgia/atlanta-apartments,0,2018-04-24 20:58:45[0m
[0;34m  30,HTTP/1.1,200,  6.84, 288348,https://www.qa.rent.com/georgia/atlanta-apartments,0,2018-04-24 20:58:45[0m
[0;34m  22,HTTP/1.1,200, 11.24, 277328,https://www.qa.rent.com/georgia/atlanta-apartments,0,2018-04-24 20:58:45[0m
[0;34m   9,HTTP/1.1,200, 13.92, 277328,https://www.qa.rent.com/georgia/atlanta-apartments,0,2018-04-24 20:58:45[0m
[0;34m  64,HTTP/1.1,200,  7.01, 277328,https://www.qa.rent.com/georgia/atlanta-apartments,0,2018-04-24 20:58:45[0m
[0;34m  10,HTTP/1.1,200, 10.24, 277328,https://www.qa.rent.com/georgia/atlanta-apartments,0,2018-04-24 20:58:45[0m
[0;34m  91,HTTP/1.1,200,  9.44, 288348,https://www.qa.rent.com/georgia/atlanta-apartments,0,2018-04-24 20:58:45[0m
[0;34m  25,HTTP/1.1,200, 10.01, 277328,https://www.qa.rent.com/georgia/atlanta-apartments,0,2018-04-24 20:58:45[0m
[0;34m  21,HTTP/1.1,200,  6.00, 277328,https://www.qa.rent.com/georgia/atlanta-apartments,0,2018-04-24 20:58:45[0m
[0;34m  43,HTTP/1.1,200,  4.36, 288348,https://www.qa.rent.com/georgia/atlanta-apartments,0,2018-04-24 20:58:45[0m
[0;34m  52,HTTP/1.1,200,  1.66,  67661,https://www.qa.rent.com/georgia/atlanta-apartments,0,2018-04-24 20:58:45[0m
[0;34m  96,HTTP/1.1,200,  3.37, 277328,https://www.qa.rent.com/georgia/atlanta-apartments,0,2018-04-24 20:58:45[0m
[0;34m  72,HTTP/1.1,200,  3.04, 277328,https://www.qa.rent.com/georgia/atlanta-apartments,0,2018-04-24 20:58:45[0m
[0;34m  56,HTTP/1.1,200,  8.21, 277328,https://www.qa.rent.com/georgia/atlanta-apartments,0,2018-04-24 20:58:45[0m
[0;34m  93,HTTP/1.1,200,  8.11, 288348,https://www.qa.rent.com/georgia/atlanta-apartments,0,2018-04-24 20:58:46[0m
[0;34m  40,HTTP/1.1,200,  8.33, 277328,https://www.qa.rent.com/georgia/atlanta-apartments,0,2018-04-24 20:58:46[0m
[0;34m  46,HTTP/1.1,200, 15.60, 277328,https://www.qa.rent.com/georgia/atlanta-apartments,0,2018-04-24 20:58:46[0m
[0;34m  28,HTTP/1.1,200,  9.30, 288348,https://www.qa.rent.com/georgia/atlanta-apartments,0,2018-04-24 20:58:46[0m
[0;34m  51,HTTP/1.1,200, 13.89, 277328,https://www.qa.rent.com/georgia/atlanta-apartments,0,2018-04-24 20:58:46[0m
[0;34m   6,HTTP/1.1,200,  8.56, 277328,https://www.qa.rent.com/georgia/atlanta-apartments,0,2018-04-24 20:58:46[0m
[0;34m  69,HTTP/1.1,200,  7.08, 277328,https://www.qa.rent.com/georgia/atlanta-apartments,0,2018-04-24 20:58:46[0m
[0;34m  81,HTTP/1.1,200, 13.50, 277328,https://www.qa.rent.com/georgia/atlanta-apartments,0,2018-04-24 20:58:46[0m
[0;34m   3,HTTP/1.1,200,  5.58, 277328,https://www.qa.rent.com/georgia/atlanta-apartments,0,2018-04-24 20:58:46[0m
[0;34m   7,HTTP/1.1,200, 12.37, 288348,https://www.qa.rent.com/georgia/atlanta-apartments,0,2018-04-24 20:58:46[0m
[0;34m  70,HTTP/1.1,200,  9.50, 277328,https://www.qa.rent.com/georgia/atlanta-apartments,0,2018-04-24 20:58:46[0m
[0;34m  76,HTTP/1.1,200,  9.62, 277328,https://www.qa.rent.com/georgia/atlanta-apartments,0,2018-04-24 20:58:46[0m
[0;34m  50,HTTP/1.1,200,  3.18, 277328,https://www.qa.rent.com/georgia/atlanta-apartments,0,2018-04-24 20:58:46[0m
[0;34m  61,HTTP/1.1,200, 15.49, 277328,https://www.qa.rent.com/georgia/atlanta-apartments,0,2018-04-24 20:58:46[0m
[0;34m   8,HTTP/1.1,200,  5.30, 277328,https://www.qa.rent.com/georgia/atlanta-apartments,0,2018-04-24 20:58:46[0m
[0;34m  39,HTTP/1.1,200,  4.33, 277328,https://www.qa.rent.com/georgia/atlanta-apartments,0,2018-04-24 20:58:47[0m
[0;34m  87,HTTP/1.1,200, 15.88, 288348,https://www.qa.rent.com/georgia/atlanta-apartments,0,2018-04-24 20:58:47[0m
[0;34m  34,HTTP/1.1,200,  7.11, 288348,https://www.qa.rent.com/georgia/atlanta-apartments,0,2018-04-24 20:58:47[0m
[0;34m  67,HTTP/1.1,200, 13.08, 277328,https://www.qa.rent.com/georgia/atlanta-apartments,0,2018-04-24 20:58:47[0m
[0;34m  36,HTTP/1.1,200, 15.98, 277328,https://www.qa.rent.com/georgia/atlanta-apartments,0,2018-04-24 20:58:47[0m
[0;34m  20,HTTP/1.1,200,  8.82, 288348,https://www.qa.rent.com/georgia/atlanta-apartments,0,2018-04-24 20:58:47[0m
[0;34m  26,HTTP/1.1,200,  4.10, 277328,https://www.qa.rent.com/georgia/atlanta-apartments,0,2018-04-24 20:58:47[0m
[0;34m  54,HTTP/1.1,200, 16.82, 277328,https://www.qa.rent.com/georgia/atlanta-apartments,0,2018-04-24 20:58:47[0m
[0;34m  79,HTTP/1.1,200,  9.65,  67661,https://www.qa.rent.com/georgia/atlanta-apartments,0,2018-04-24 20:58:47[0m
[0;34m  55,HTTP/1.1,200,  9.84,  67661,https://www.qa.rent.com/georgia/atlanta-apartments,0,2018-04-24 20:58:47[0m
[0;34m  27,HTTP/1.1,200,  9.15,  67661,https://www.qa.rent.com/georgia/atlanta-apartments,0,2018-04-24 20:58:47[0m
[0;34m  48,HTTP/1.1,200,  8.67,  67661,https://www.qa.rent.com/georgia/atlanta-apartments,0,2018-04-24 20:58:47[0m
[0;34m  83,HTTP/1.1,200, 14.58, 288348,https://www.qa.rent.com/georgia/atlanta-apartments,0,2018-04-24 20:58:48[0m
[0;34m  60,HTTP/1.1,200,  3.50,  67661,https://www.qa.rent.com/georgia/atlanta-apartments,0,2018-04-24 20:58:48[0m
[0;34m  94,HTTP/1.1,200, 11.78, 288348,https://www.qa.rent.com/georgia/atlanta-apartments,0,2018-04-24 20:58:48[0m
[0;34m  33,HTTP/1.1,200, 10.00, 277328,https://www.qa.rent.com/georgia/atlanta-apartments,0,2018-04-24 20:58:48[0m
[0;34m  53,HTTP/1.1,200,  6.78, 277328,https://www.qa.rent.com/georgia/atlanta-apartments,0,2018-04-24 20:58:48[0m
[0;34m  19,HTTP/1.1,200, 16.00, 277328,https://www.qa.rent.com/georgia/atlanta-apartments,0,2018-04-24 20:58:48[0m
[0;34m  73,HTTP/1.1,200, 10.73, 277328,https://www.qa.rent.com/georgia/atlanta-apartments,0,2018-04-24 20:58:48[0m
[0;34m  14,HTTP/1.1,200, 17.29, 277328,https://www.qa.rent.com/georgia/atlanta-apartments,0,2018-04-24 20:58:48[0m
[0;34m  66,HTTP/1.1,200,  7.98,  67661,https://www.qa.rent.com/georgia/atlanta-apartments,0,2018-04-24 20:58:48[0m
[0;34m  42,HTTP/1.1,200,  6.13,  67661,https://www.qa.rent.com/georgia/atlanta-apartments,0,2018-04-24 20:58:48[0m
[0;34m  92,HTTP/1.1,200,  5.16,  67661,https://www.qa.rent.com/georgia/atlanta-apartments,0,2018-04-24 20:58:48[0m
[0;34m  90,HTTP/1.1,200,  9.15, 277328,https://www.qa.rent.com/georgia/atlanta-apartments,0,2018-04-24 20:58:48[0m
[0;34m  18,HTTP/1.1,200, 13.09, 277328,https://www.qa.rent.com/georgia/atlanta-apartments,0,2018-04-24 20:58:48[0m
[0;34m  16,HTTP/1.1,200, 11.22, 277328,https://www.qa.rent.com/georgia/atlanta-apartments,0,2018-04-24 20:58:48[0m
[0;34m  32,HTTP/1.1,200, 16.55, 277328,https://www.qa.rent.com/georgia/atlanta-apartments,0,2018-04-24 20:58:48[0m
[0;34m  47,HTTP/1.1,200,  5.60, 277328,https://www.qa.rent.com/georgia/atlanta-apartments,0,2018-04-24 20:58:48[0m
[0;34m  74,HTTP/1.1,200, 18.34, 288348,https://www.qa.rent.com/georgia/atlanta-apartments,0,2018-04-24 20:58:48[0m
[0;34m  68,HTTP/1.1,200, 17.98, 277328,https://www.qa.rent.com/georgia/atlanta-apartments,0,2018-04-24 20:58:49[0m
[0;34m  98,HTTP/1.1,200, 15.39, 277328,https://www.qa.rent.com/georgia/atlanta-apartments,0,2018-04-24 20:58:49[0m
[0;34m  11,HTTP/1.1,200, 17.77, 277328,https://www.qa.rent.com/georgia/atlanta-apartments,0,2018-04-24 20:58:49[0m
[0;34m  35,HTTP/1.1,200,  9.41, 277328,https://www.qa.rent.com/georgia/atlanta-apartments,0,2018-04-24 20:58:49[0m
[0;34m  57,HTTP/1.1,200, 15.92, 277328,https://www.qa.rent.com/georgia/atlanta-apartments,0,2018-04-24 20:58:49[0m
[0;34m  59,HTTP/1.1,200,  6.47, 277328,https://www.qa.rent.com/georgia/atlanta-apartments,0,2018-04-24 20:58:49[0m
[0;34m  86,HTTP/1.1,200, 13.45, 288348,https://www.qa.rent.com/georgia/atlanta-apartments,0,2018-04-24 20:58:49[0m
[0;34m  82,HTTP/1.1,200, 18.92, 277328,https://www.qa.rent.com/georgia/atlanta-apartments,0,2018-04-24 20:58:49[0m
[0;34m  89,HTTP/1.1,200, 15.40, 277328,https://www.qa.rent.com/georgia/atlanta-apartments,0,2018-04-24 20:58:49[0m
[0;34m  62,HTTP/1.1,200, 17.67, 277328,https://www.qa.rent.com/georgia/atlanta-apartments,0,2018-04-24 20:58:49[0m
[0;34m  23,HTTP/1.1,200, 13.67, 277328,https://www.qa.rent.com/georgia/atlanta-apartments,0,2018-04-24 20:58:49[0m
[0;34m  97,HTTP/1.1,200, 18.68, 277328,https://www.qa.rent.com/georgia/atlanta-apartments,0,2018-04-24 20:58:49[0m
[0;34m  29,HTTP/1.1,200, 14.71, 277328,https://www.qa.rent.com/georgia/atlanta-apartments,0,2018-04-24 20:58:49[0m
[0;34m  37,HTTP/1.1,200, 14.30, 277328,https://www.qa.rent.com/georgia/atlanta-apartments,0,2018-04-24 20:58:49[0m
