** SIEGE 4.0.4
** Preparing 100 concurrent users for battle.
The server is now under siege...
[[1;33merror[0m] Failed to make an SSL connection: 5
[[1;33merror[0m] Failed to make an SSL connection: 5
[[1;33merror[0m] Failed to make an SSL connection: 5
[[1;33merror[0m] Failed to make an SSL connection: 5
[[1;33merror[0m] Failed to make an SSL connection: 5
[[1;33merror[0m] Failed to make an SSL connection: 5
[[1;33merror[0m] Failed to make an SSL connection: 5
[[1;33merror[0m] Failed to make an SSL connection: 5
[[1;33merror[0m] Failed to make an SSL connection: 5
[[1;33merror[0m] Failed to make an SSL connection: 5
[[1;33merror[0m] Failed to make an SSL connection: 5
[[1;33merror[0m] Failed to make an SSL connection: 5
[[1;33merror[0m] Failed to make an SSL connection: 5
[[1;33merror[0m] Failed to make an SSL connection: 5
[[1;33merror[0m] Failed to make an SSL connection: 5
[[1;33merror[0m] Failed to make an SSL connection: 5
[[1;33merror[0m] Failed to make an SSL connection: 5
[[1;33merror[0m] Failed to make an SSL connection: 5
[[1;33merror[0m] Failed to make an SSL connection: 5
[[1;33merror[0m] Failed to make an SSL connection: 5
[[1;33merror[0m] Failed to make an SSL connection: 5
[[1;33merror[0m] Failed to make an SSL connection: 5
[[1;33merror[0m] Failed to make an SSL connection: 5
[[1;33merror[0m] Failed to make an SSL connection: 5
[[1;33merror[0m] Failed to make an SSL connection: 5
[[1;33merror[0m] Failed to make an SSL connection: 5
[[1;33merror[0m] Failed to make an SSL connection: 5
[[1;33merror[0m] Failed to make an SSL connection: 5
[[1;33merror[0m] Failed to make an SSL connection: 5
[[1;33merror[0m] Failed to make an SSL connection: 5
[[1;33merror[0m] Failed to make an SSL connection: 5
[[1;33merror[0m] Failed to make an SSL connection: 5
[[1;33merror[0m] Failed to make an SSL connection: 5
[[1;33merror[0m] Failed to make an SSL connection: 5
[[1;33merror[0m] Failed to make an SSL connection: 5
[[1;33merror[0m] Failed to make an SSL connection: 5
[[1;33merror[0m] Failed to make an SSL connection: 5
[[1;33merror[0m] Failed to make an SSL connection: 5
[[1;33merror[0m] Failed to make an SSL connection: 5
[[1;33merror[0m] Failed to make an SSL connection: 5
[[1;33merror[0m] Failed to make an SSL connection: 5
[[1;33merror[0m] Failed to make an SSL connection: 5
[[1;33merror[0m] Failed to make an SSL connection: 5
[[1;33merror[0m] Failed to make an SSL connection: 5
[[1;33merror[0m] Failed to make an SSL connection: 5
[[1;33merror[0m] Failed to make an SSL connection: 5
[[1;33merror[0m] Failed to make an SSL connection: 5
[[1;33merror[0m] Failed to make an SSL connection: 5
[[1;33merror[0m] Failed to make an SSL connection: 5
[[1;33merror[0m] Failed to make an SSL connection: 5
[[1;33merror[0m] Failed to make an SSL connection: 5
[[1;33merror[0m] Failed to make an SSL connection: 5
[[1;33merror[0m] Failed to make an SSL connection: 5
[[1;33merror[0m] Failed to make an SSL connection: 5
[[1;33merror[0m] Failed to make an SSL connection: 5
[[1;33merror[0m] Failed to make an SSL connection: 5
[[1;33merror[0m] Failed to make an SSL connection: 5
[[1;33merror[0m] Failed to make an SSL connection: 5
[[1;33merror[0m] Failed to make an SSL connection: 5
[[1;33merror[0m] Failed to make an SSL connection: 5
[[1;33merror[0m] Failed to make an SSL connection: 5
[[1;33merror[0m] Failed to make an SSL connection: 5
[[1;33merror[0m] Failed to make an SSL connection: 5
[[1;33merror[0m] Failed to make an SSL connection: 5
[[1;33merror[0m] Failed to make an SSL connection: 5
[[1;33merror[0m] Failed to make an SSL connection: 5
[[1;33merror[0m] Failed to make an SSL connection: 5
[[1;33merror[0m] Failed to make an SSL connection: 5
[[1;33merror[0m] Failed to make an SSL connection: 5
[[1;33merror[0m] Failed to make an SSL connection: 5
[[1;33merror[0m] Failed to make an SSL connection: 5
[[1;33merror[0m] Failed to make an SSL connection: 5
[[1;33merror[0m] Failed to make an SSL connection: 5
[[1;33merror[0m] Failed to make an SSL connection: 5
[[1;33merror[0m] Failed to make an SSL connection: 5
[[1;33merror[0m] Failed to make an SSL connection: 5
[[1;33merror[0m] Failed to make an SSL connection: 5
[[1;33merror[0m] Failed to make an SSL connection: 5
[[1;33merror[0m] Failed to make an SSL connection: 5
[[1;33merror[0m] Failed to make an SSL connection: 5
[[1;33merror[0m] Failed to make an SSL connection: 5
[[1;33merror[0m] Failed to make an SSL connection: 5
[[1;33merror[0m] Failed to make an SSL connection: 5
[[1;33merror[0m] Failed to make an SSL connection: 5
[[1;33merror[0m] Failed to make an SSL connection: 5
[[1;33merror[0m] Failed to make an SSL connection: 5
[[1;33merror[0m] Failed to make an SSL connection: 5
[[1;33merror[0m] Failed to make an SSL connection: 5
[[1;33merror[0m] Failed to make an SSL connection: 5
[[1;33merror[0m] Failed to make an SSL connection: 5
[[1;33merror[0m] Failed to make an SSL connection: 5
[[1;33merror[0m] Failed to make an SSL connection: 5
[[1;33merror[0m] Failed to make an SSL connection: 5
[[1;33merror[0m] Failed to make an SSL connection: 5
[[1;33merror[0m] Failed to make an SSL connection: 5
[[1;33merror[0m] Failed to make an SSL connection: 5
[[1;33merror[0m] Failed to make an SSL connection: 5
[[1;33merror[0m] Failed to make an SSL connection: 5
[[1;33merror[0m] Failed to make an SSL connection: 5
[[1;33merror[0m] Failed to make an SSL connection: 5
[[1;33merror[0m] Failed to make an SSL connection: 5
[[1;33merror[0m] Failed to make an SSL connection: 5
[[1;33merror[0m] Failed to make an SSL connection: 5
[[1;33merror[0m] Failed to make an SSL connection: 5
[[1;33merror[0m] Failed to make an SSL connection: 5
[[1;33merror[0m] Failed to make an SSL connection: 5
[[1;33merror[0m] Failed to make an SSL connection: 5
[[1;33merror[0m] Failed to make an SSL connection: 5
[[1;33merror[0m] Failed to make an SSL connection: 5
[[1;33merror[0m] Failed to make an SSL connection: 5
[[1;33merror[0m] Failed to make an SSL connection: 5
[[1;33merror[0m] Failed to make an SSL connection: 5
[[1;33merror[0m] Failed to make an SSL connection: 5
[[1;33merror[0m] Failed to make an SSL connection: 5
[[1;33merror[0m] Failed to make an SSL connection: 5
[[1;33merror[0m] Failed to make an SSL connection: 5
[[1;33merror[0m] Failed to make an SSL connection: 5
[[1;33merror[0m] Failed to make an SSL connection: 5
[[1;33merror[0m] Failed to make an SSL connection: 5
[[1;33merror[0m] Failed to make an SSL connection: 5
[[1;33merror[0m] Failed to make an SSL connection: 5
[[1;33merror[0m] Failed to make an SSL connection: 5
[[1;33merror[0m] Failed to make an SSL connection: 5
[[1;33merror[0m] Failed to make an SSL connection: 5
[[1;33merror[0m] Failed to make an SSL connection: 5
[[1;33merror[0m] Failed to make an SSL connection: 5
[[1;33merror[0m] Failed to make an SSL connection: 5
[[1;33merror[0m] Failed to make an SSL connection: 5
[[1;33merror[0m] Failed to make an SSL connection: 5
[[1;33merror[0m] Failed to make an SSL connection: 5
[[1;33merror[0m] Failed to make an SSL connection: 5
[[1;33merror[0m] Failed to make an SSL connection: 5
[[1;33merror[0m] Failed to make an SSL connection: 5
[[1;33merror[0m] Failed to make an SSL connection: 5
[[1;33merror[0m] Failed to make an SSL connection: 5
[[1;33merror[0m] Failed to make an SSL connection: 5
[[1;33merror[0m] Failed to make an SSL connection: 5
[[1;33merror[0m] Failed to make an SSL connection: 5
[[1;33merror[0m] Failed to make an SSL connection: 5
[[1;33merror[0m] Failed to make an SSL connection: 5
[[1;33merror[0m] Failed to make an SSL connection: 5
[[1;33merror[0m] Failed to make an SSL connection: 5
[[1;33merror[0m] Failed to make an SSL connection: 5
[[1;33merror[0m] Failed to make an SSL connection: 5
[[1;33merror[0m] Failed to make an SSL connection: 5
[[1;33merror[0m] Failed to make an SSL connection: 5
[[1;33merror[0m] Failed to make an SSL connection: 5
[[1;33merror[0m] Failed to make an SSL connection: 5
[[1;33merror[0m] Failed to make an SSL connection: 5
[[1;33merror[0m] Failed to make an SSL connection: 5
[[1;33merror[0m] Failed to make an SSL connection: 5
[[1;33merror[0m] Failed to make an SSL connection: 5
[[1;33merror[0m] Failed to make an SSL connection: 5
[[1;33merror[0m] Failed to make an SSL connection: 5
[[1;33merror[0m] Failed to make an SSL connection: 5
[[1;33merror[0m] Failed to make an SSL connection: 5
[[1;33merror[0m] Failed to make an SSL connection: 5
[[1;33merror[0m] Failed to make an SSL connection: 5
[[1;33merror[0m] Failed to make an SSL connection: 5
[[1;33merror[0m] Failed to make an SSL connection: 5
[[1;33merror[0m] Failed to make an SSL connection: 5
[[1;33merror[0m] Failed to make an SSL connection: 5
[[1;33merror[0m] Failed to make an SSL connection: 5
[[1;33merror[0m] Failed to make an SSL connection: 5
[[1;33merror[0m] Failed to make an SSL connection: 5
[[1;33merror[0m] Failed to make an SSL connection: 5
[[1;33merror[0m] Failed to make an SSL connection: 5
[[1;33merror[0m] Failed to make an SSL connection: 5
[[1;33merror[0m] Failed to make an SSL connection: 5
[[1;33merror[0m] Failed to make an SSL connection: 5
[[1;33merror[0m] Failed to make an SSL connection: 5
[[1;33merror[0m] Failed to make an SSL connection: 5
[[1;33merror[0m] Failed to make an SSL connection: 5
[[1;33merror[0m] Failed to make an SSL connection: 5
[[1;33merror[0m] Failed to make an SSL connection: 5
[[1;33merror[0m] Failed to make an SSL connection: 5
[[1;33merror[0m] Failed to make an SSL connection: 5
[[1;33merror[0m] Failed to make an SSL connection: 5
[[1;33merror[0m] Failed to make an SSL connection: 5
[[1;33merror[0m] Failed to make an SSL connection: 5
[[1;33merror[0m] Failed to make an SSL connection: 5
[[1;33merror[0m] Failed to make an SSL connection: 5
[[1;33merror[0m] Failed to make an SSL connection: 5
[[1;33merror[0m] Failed to make an SSL connection: 5
[[1;33merror[0m] Failed to make an SSL connection: 5
[[1;33merror[0m] Failed to make an SSL connection: 5
[[1;33merror[0m] Failed to make an SSL connection: 5
[[1;33merror[0m] Failed to make an SSL connection: 5
[[1;33merror[0m] Failed to make an SSL connection: 5
[[1;33merror[0m] Failed to make an SSL connection: 5
[[1;33merror[0m] Failed to make an SSL connection: 5
[[1;33merror[0m] Failed to make an SSL connection: 5
[[1;33merror[0m] Failed to make an SSL connection: 5
[[1;33merror[0m] Failed to make an SSL connection: 5
[[1;33merror[0m] Failed to make an SSL connection: 5
[[1;33merror[0m] Failed to make an SSL connection: 5
[[1;33merror[0m] Failed to make an SSL connection: 5
[[1;33merror[0m] Failed to make an SSL connection: 5
[[1;33merror[0m] Failed to make an SSL connection: 5
[[1;33merror[0m] Failed to make an SSL connection: 5
[[1;33merror[0m] Failed to make an SSL connection: 5
[[1;33merror[0m] Failed to make an SSL connection: 5
[[1;33merror[0m] Failed to make an SSL connection: 5
[[1;33merror[0m] Failed to make an SSL connection: 5
[[1;33merror[0m] Failed to make an SSL connection: 5
[[1;33merror[0m] Failed to make an SSL connection: 5
[[1;33merror[0m] Failed to make an SSL connection: 5
[[1;33merror[0m] Failed to make an SSL connection: 5
[[1;33merror[0m] Failed to make an SSL connection: 5
[[1;33merror[0m] Failed to make an SSL connection: 5
[[1;33merror[0m] Failed to make an SSL connection: 5
[[1;33merror[0m] Failed to make an SSL connection: 5
[[1;33merror[0m] Failed to make an SSL connection: 5
[[1;33merror[0m] Failed to make an SSL connection: 5
[[1;33merror[0m] Failed to make an SSL connection: 5
[[1;33merror[0m] Failed to make an SSL connection: 5
[[1;33merror[0m] Failed to make an SSL connection: 5
[[1;33merror[0m] Failed to make an SSL connection: 5
[[1;33merror[0m] Failed to make an SSL connection: 5
[[1;33merror[0m] Failed to make an SSL connection: 5
[[1;33merror[0m] Failed to make an SSL connection: 5
[[1;33merror[0m] Failed to make an SSL connection: 5
[[1;33merror[0m] Failed to make an SSL connection: 5
[[1;33merror[0m] Failed to make an SSL connection: 5
[[1;33merror[0m] Failed to make an SSL connection: 5
[[1;33merror[0m] Failed to make an SSL connection: 5
[[1;33merror[0m] Failed to make an SSL connection: 5
[[1;33merror[0m] Failed to make an SSL connection: 5
[[1;33merror[0m] Failed to make an SSL connection: 5
[[1;33merror[0m] Failed to make an SSL connection: 5
[[1;33merror[0m] Failed to make an SSL connection: 5
[[1;33merror[0m] Failed to make an SSL connection: 5
[[1;33merror[0m] Failed to make an SSL connection: 5

Lifting the server siege...
Transactions:		         217 hits
Availability:		       32.68 %
Elapsed time:		       59.40 secs
Data transferred:	       56.25 MB
Response time:		        6.55 secs
Transaction rate:	        3.65 trans/sec
Throughput:		        0.95 MB/sec
Concurrency:		       23.93
Successful transactions:         217
Failed transactions:	         447
Longest transaction:	       18.92
Shortest transaction:	        0.51
 
