[2018-04-24 20:53:24,433 INFO root] Taurus CLI Tool v1.11.0
[2018-04-24 20:53:24,433 DEBUG root] Command-line options: {'log': '/tmp/bzt_4xyjnzwo.log', 'option': None, 'quiet': None, 'verbose': None, 'no_system_configs': None, 'aliases': []}
[2018-04-24 20:53:24,433 DEBUG root] Python: CPython 3.6.5
[2018-04-24 20:53:24,433 DEBUG root] OS: uname_result(system='Linux', node='43212abc45d8', release='4.9.87-linuxkit-aufs', version='#1 SMP Wed Mar 14 15:12:16 UTC 2018', machine='x86_64', processor='')
[2018-04-24 20:53:24,434 INFO root] Starting with configs: ['taurus.yml']
[2018-04-24 20:53:24,434 DEBUG root] Adding personal config: /root/.bzt-rc
[2018-04-24 20:53:24,434 INFO root] No personal config found, creating one at /root/.bzt-rc
[2018-04-24 20:53:24,435 INFO Engine] Configuring...
[2018-04-24 20:53:24,435 DEBUG Engine] No machine configs dir: /etc/bzt.d
[2018-04-24 20:53:24,435 DEBUG Engine] Base configs list: ['/usr/local/lib/python3.6/site-packages/bzt/resources/base-config.yml']
[2018-04-24 20:53:24,435 DEBUG Engine.Configuration] Configs: ['/usr/local/lib/python3.6/site-packages/bzt/resources/base-config.yml']
[2018-04-24 20:53:24,435 DEBUG Engine.Configuration] Reading /usr/local/lib/python3.6/site-packages/bzt/resources/base-config.yml as YAML
[2018-04-24 20:53:24,463 DEBUG Engine] User configs list: ['/root/.bzt-rc', 'taurus.yml']
[2018-04-24 20:53:24,463 DEBUG Engine.Configuration] Configs: ['/root/.bzt-rc', 'taurus.yml']
[2018-04-24 20:53:24,464 DEBUG Engine.Configuration] Reading /root/.bzt-rc as YAML
[2018-04-24 20:53:24,470 DEBUG Engine.Configuration] Reading taurus.yml as YAML
[2018-04-24 20:53:24,473 DEBUG Engine.Configuration] Configs: ['/root/.bzt-rc', 'taurus.yml']
[2018-04-24 20:53:24,474 DEBUG Engine.Configuration] Reading /root/.bzt-rc as YAML
[2018-04-24 20:53:24,479 DEBUG Engine.Configuration] Reading taurus.yml as YAML
[2018-04-24 20:53:24,482 DEBUG Engine] Requesting updates info: http://gettaurus.org/updates/?version=1.11.0&installID=linux-242ac110002
[2018-04-24 20:53:24,484 INFO Engine] Artifacts dir: /source/server/2018-04-24_20-53-24.484125
[2018-04-24 20:53:24,487 DEBUG Engine] New artifact filename: /source/server/2018-04-24_20-53-24.484125/effective
[2018-04-24 20:53:24,490 DEBUG Engine.Configuration] Dumping YAML config into /source/server/2018-04-24_20-53-24.484125/effective.yml
[2018-04-24 20:53:24,510 DEBUG Engine.Configuration] Dumping JSON config into /source/server/2018-04-24_20-53-24.484125/effective.json
[2018-04-24 20:53:24,512 DEBUG Engine] New artifact filename: /source/server/2018-04-24_20-53-24.484125/merged.yml
[2018-04-24 20:53:24,513 DEBUG Engine.Configuration] Dumping YAML config into /source/server/2018-04-24_20-53-24.484125/merged.yml
[2018-04-24 20:53:24,515 DEBUG Engine] New artifact filename: /source/server/2018-04-24_20-53-24.484125/merged.json
[2018-04-24 20:53:24,516 DEBUG Engine.Configuration] Dumping JSON config into /source/server/2018-04-24_20-53-24.484125/merged.json
[2018-04-24 20:53:24,517 DEBUG Engine] Add existing artifact (move=False): taurus.yml
[2018-04-24 20:53:24,517 DEBUG Engine] Copying taurus.yml to /source/server/2018-04-24_20-53-24.484125/taurus.yml
[2018-04-24 20:53:24,521 DEBUG root] Closing log handler: /tmp/bzt_4xyjnzwo.log
[2018-04-24 20:53:24,524 DEBUG root] Switched writing logs to /source/server/2018-04-24_20-53-24.484125/bzt.log
[2018-04-24 20:53:24,524 DEBUG root] Linting config
[2018-04-24 20:53:24,528 WARNING root] at path 'execution.1': execution item doesn't specify scenario
[2018-04-24 20:53:24,529 INFO Engine] Preparing...
[2018-04-24 20:53:24,530 DEBUG Engine] Module config: consolidator defaultdict(None, {'class': 'bzt.modules.aggregator.ConsolidatingAggregator'})
[2018-04-24 20:53:24,530 DEBUG root] Importing module: bzt.modules.aggregator
[2018-04-24 20:53:24,656 DEBUG root] Loading class: 'ConsolidatingAggregator' from <module 'bzt.modules.aggregator' from '/usr/local/lib/python3.6/site-packages/bzt/modules/aggregator.py'>
[2018-04-24 20:53:24,657 DEBUG Engine.consolidator] Buffer scaling setup: percentile 95.0 from [0.0, 50.0, 90.0, 95.0, 99.0, 99.9, 100.0] selected
[2018-04-24 20:53:24,657 DEBUG Engine] Module config: monitoring defaultdict(None, {'class': 'bzt.modules.monitoring.Monitoring'})
[2018-04-24 20:53:24,658 DEBUG root] Importing module: bzt.modules.monitoring
[2018-04-24 20:53:24,659 DEBUG root] Loading class: 'Monitoring' from <module 'bzt.modules.monitoring' from '/usr/local/lib/python3.6/site-packages/bzt/modules/monitoring.py'>
[2018-04-24 20:53:24,660 DEBUG Engine] Module config: local defaultdict(None, {'class': 'bzt.modules.provisioning.Local'})
[2018-04-24 20:53:24,660 DEBUG root] Importing module: bzt.modules.provisioning
[2018-04-24 20:53:24,660 DEBUG root] Loading class: 'Local' from <module 'bzt.modules.provisioning' from '/usr/local/lib/python3.6/site-packages/bzt/modules/provisioning.py'>
[2018-04-24 20:53:24,661 DEBUG Engine] Module config: siege defaultdict(None, {'class': 'bzt.modules.siege.SiegeExecutor'})
[2018-04-24 20:53:24,661 DEBUG root] Importing module: bzt.modules.siege
[2018-04-24 20:53:24,662 DEBUG root] Loading class: 'SiegeExecutor' from <module 'bzt.modules.siege' from '/usr/local/lib/python3.6/site-packages/bzt/modules/siege.py'>
[2018-04-24 20:53:24,662 DEBUG Engine] Module config: jmeter defaultdict(None, {'class': 'bzt.modules.jmeter.JMeterExecutor', 'plugins': ['jpgc-casutg', 'jpgc-dummy', 'jpgc-ffw', 'jpgc-fifo', 'jpgc-functions', 'jpgc-json', 'jpgc-perfmon', 'jpgc-prmctl', 'jpgc-tst'], 'properties': defaultdict(None, {'jmeter.save.saveservice.autoflush': 'true', 'jmeter.save.saveservice.connect_time': 'true', 'jmeterengine.force.system.exit': 'true', 'summariser.name': ''})})
[2018-04-24 20:53:24,663 DEBUG root] Importing module: bzt.modules.jmeter
[2018-04-24 20:53:24,673 DEBUG root] Loading class: 'JMeterExecutor' from <module 'bzt.modules.jmeter' from '/usr/local/lib/python3.6/site-packages/bzt/modules/jmeter.py'>
[2018-04-24 20:53:24,673 DEBUG Engine.local] Preparing executor: siege/139861611933032
[2018-04-24 20:53:24,674 DEBUG Engine.siege.Siege] Check Siege: siege
[2018-04-24 20:53:24,674 DEBUG bzt.utils] Executing shell: ['siege', '-h'] at .
[2018-04-24 20:53:24,681 DEBUG Engine] New artifact filename: /source/server/2018-04-24_20-53-24.484125/siegerc
[2018-04-24 20:53:24,684 DEBUG Engine] New artifact filename: /source/server/2018-04-24_20-53-24.484125/siege.url
[2018-04-24 20:53:24,686 DEBUG Engine] New artifact filename: /source/server/2018-04-24_20-53-24.484125/siege.out
[2018-04-24 20:53:24,687 DEBUG Engine] New artifact filename: /source/server/2018-04-24_20-53-24.484125/siege.err
[2018-04-24 20:53:24,688 DEBUG Engine.local] Preparing executor: None/139861607535560
[2018-04-24 20:53:24,689 ERROR root] Config Error: Scenario is not found in execution: defaultdict(None, {'module': 'final-stats', 'summary': True, 'percentiles': True, 'failed-labels': False, 'test-duration': True, 'dump-csv': 'dump.csv'})
[2018-04-24 20:53:24,690 DEBUG root] TaurusConfigError: Scenario is not found in execution: defaultdict(None, {'module': 'final-stats', 'summary': True, 'percentiles': True, 'failed-labels': False, 'test-duration': True, 'dump-csv': 'dump.csv'})
  File "/usr/local/lib/python3.6/site-packages/bzt/cli.py", line 249, in perform
    self.engine.prepare()
  File "/usr/local/lib/python3.6/site-packages/bzt/engine.py", line 166, in prepare
    self.__prepare_provisioning()
  File "/usr/local/lib/python3.6/site-packages/bzt/engine.py", line 512, in __prepare_provisioning
    self.provisioning.prepare()
  File "/usr/local/lib/python3.6/site-packages/bzt/modules/provisioning.py", line 72, in prepare
    executor.prepare()
  File "/usr/local/lib/python3.6/site-packages/bzt/modules/jmeter.py", line 267, in prepare
    scenario = self.get_scenario()
  File "/usr/local/lib/python3.6/site-packages/bzt/modules/jmeter.py", line 201, in get_scenario
    scenario_obj = super(JMeterExecutor, self).get_scenario(name=name, cache_scenario=False)
  File "/usr/local/lib/python3.6/site-packages/bzt/engine.py", line 996, in get_scenario
    label = self.execution.get('scenario', exc)
  File "/usr/local/lib/python3.6/site-packages/bzt/utils.py", line 189, in get
    raise default
[2018-04-24 20:53:24,691 INFO Engine] Post-processing...
[2018-04-24 20:53:24,691 DEBUG Engine.local] Post-process siege/external_urls
[2018-04-24 20:53:24,692 DEBUG Engine.siege.DataLogReader.FileReader] File is empty: /source/server/2018-04-24_20-53-24.484125/siege.out
[2018-04-24 20:53:24,693 DEBUG Engine.siege.DataLogReader] Buffer len: 0
[2018-04-24 20:53:24,693 DEBUG Engine.consolidator] Consolidator buffer[0]: dict_keys([])
[2018-04-24 20:53:24,695 DEBUG Engine.Configuration] Dumping YAML config into /source/server/2018-04-24_20-53-24.484125/effective.yml
[2018-04-24 20:53:24,714 DEBUG Engine.Configuration] Dumping JSON config into /source/server/2018-04-24_20-53-24.484125/effective.json
[2018-04-24 20:53:24,715 INFO root] Artifacts dir: /source/server/2018-04-24_20-53-24.484125
[2018-04-24 20:53:24,716 WARNING root] Done performing with code: 1
[2018-04-24 20:53:24,716 DEBUG root] Closing log handler: /source/server/2018-04-24_20-53-24.484125/bzt.log
