[2018-04-24 20:26:54,558 INFO root] Taurus CLI Tool v1.11.0
[2018-04-24 20:26:54,559 DEBUG root] Command-line options: {'log': '/tmp/bzt_2g_15kpr.log', 'option': None, 'quiet': None, 'verbose': None, 'no_system_configs': None, 'aliases': []}
[2018-04-24 20:26:54,559 DEBUG root] Python: CPython 3.6.5
[2018-04-24 20:26:54,559 DEBUG root] OS: uname_result(system='Linux', node='859ef5b565ce', release='4.9.87-linuxkit-aufs', version='#1 SMP Wed Mar 14 15:12:16 UTC 2018', machine='x86_64', processor='')
[2018-04-24 20:26:54,559 INFO root] Starting with configs: ['taurus.yml']
[2018-04-24 20:26:54,560 DEBUG root] Using personal config: /root/.bzt-rc
[2018-04-24 20:26:54,560 INFO Engine] Configuring...
[2018-04-24 20:26:54,560 DEBUG Engine] No machine configs dir: /etc/bzt.d
[2018-04-24 20:26:54,560 DEBUG Engine] Base configs list: ['/usr/local/lib/python3.6/site-packages/bzt/resources/base-config.yml']
[2018-04-24 20:26:54,560 DEBUG Engine.Configuration] Configs: ['/usr/local/lib/python3.6/site-packages/bzt/resources/base-config.yml']
[2018-04-24 20:26:54,560 DEBUG Engine.Configuration] Reading /usr/local/lib/python3.6/site-packages/bzt/resources/base-config.yml as YAML
[2018-04-24 20:26:54,589 DEBUG Engine] User configs list: ['/root/.bzt-rc', 'taurus.yml']
[2018-04-24 20:26:54,589 DEBUG Engine.Configuration] Configs: ['/root/.bzt-rc', 'taurus.yml']
[2018-04-24 20:26:54,590 DEBUG Engine.Configuration] Reading /root/.bzt-rc as YAML
[2018-04-24 20:26:54,596 DEBUG Engine.Configuration] Reading taurus.yml as YAML
[2018-04-24 20:26:54,598 DEBUG Engine.Configuration] Configs: ['/root/.bzt-rc', 'taurus.yml']
[2018-04-24 20:26:54,598 DEBUG Engine.Configuration] Reading /root/.bzt-rc as YAML
[2018-04-24 20:26:54,604 DEBUG Engine.Configuration] Reading taurus.yml as YAML
[2018-04-24 20:26:54,606 DEBUG Engine] Requesting updates info: http://gettaurus.org/updates/?version=1.11.0&installID=linux-242ac110002
[2018-04-24 20:26:54,606 INFO Engine] Artifacts dir: /source/server/2018-04-24_20-26-54.606586
[2018-04-24 20:26:54,611 DEBUG Engine] New artifact filename: /source/server/2018-04-24_20-26-54.606586/effective
[2018-04-24 20:26:54,614 DEBUG Engine.Configuration] Dumping YAML config into /source/server/2018-04-24_20-26-54.606586/effective.yml
[2018-04-24 20:26:54,631 DEBUG Engine.Configuration] Dumping JSON config into /source/server/2018-04-24_20-26-54.606586/effective.json
[2018-04-24 20:26:54,633 DEBUG Engine] New artifact filename: /source/server/2018-04-24_20-26-54.606586/merged.yml
[2018-04-24 20:26:54,634 DEBUG Engine.Configuration] Dumping YAML config into /source/server/2018-04-24_20-26-54.606586/merged.yml
[2018-04-24 20:26:54,635 DEBUG Engine] New artifact filename: /source/server/2018-04-24_20-26-54.606586/merged.json
[2018-04-24 20:26:54,636 DEBUG Engine.Configuration] Dumping JSON config into /source/server/2018-04-24_20-26-54.606586/merged.json
[2018-04-24 20:26:54,637 DEBUG Engine] Add existing artifact (move=False): taurus.yml
[2018-04-24 20:26:54,637 DEBUG Engine] Copying taurus.yml to /source/server/2018-04-24_20-26-54.606586/taurus.yml
[2018-04-24 20:26:54,641 DEBUG root] Closing log handler: /tmp/bzt_2g_15kpr.log
[2018-04-24 20:26:54,644 DEBUG root] Switched writing logs to /source/server/2018-04-24_20-26-54.606586/bzt.log
[2018-04-24 20:26:54,644 DEBUG root] Linting config
[2018-04-24 20:26:54,646 INFO Engine] Preparing...
[2018-04-24 20:26:54,647 DEBUG Engine] Module config: consolidator defaultdict(None, {'class': 'bzt.modules.aggregator.ConsolidatingAggregator'})
[2018-04-24 20:26:54,647 DEBUG root] Importing module: bzt.modules.aggregator
[2018-04-24 20:26:54,724 DEBUG root] Loading class: 'ConsolidatingAggregator' from <module 'bzt.modules.aggregator' from '/usr/local/lib/python3.6/site-packages/bzt/modules/aggregator.py'>
[2018-04-24 20:26:54,724 DEBUG Engine.consolidator] Buffer scaling setup: percentile 95.0 from [0.0, 50.0, 90.0, 95.0, 99.0, 99.9, 100.0] selected
[2018-04-24 20:26:54,725 DEBUG Engine] Module config: monitoring defaultdict(None, {'class': 'bzt.modules.monitoring.Monitoring'})
[2018-04-24 20:26:54,725 DEBUG root] Importing module: bzt.modules.monitoring
[2018-04-24 20:26:54,727 DEBUG root] Loading class: 'Monitoring' from <module 'bzt.modules.monitoring' from '/usr/local/lib/python3.6/site-packages/bzt/modules/monitoring.py'>
[2018-04-24 20:26:54,727 DEBUG Engine] Module config: local defaultdict(None, {'class': 'bzt.modules.provisioning.Local'})
[2018-04-24 20:26:54,727 DEBUG root] Importing module: bzt.modules.provisioning
[2018-04-24 20:26:54,728 DEBUG root] Loading class: 'Local' from <module 'bzt.modules.provisioning' from '/usr/local/lib/python3.6/site-packages/bzt/modules/provisioning.py'>
[2018-04-24 20:26:54,728 DEBUG Engine] Module config: siege defaultdict(None, {'class': 'bzt.modules.siege.SiegeExecutor'})
[2018-04-24 20:26:54,728 DEBUG root] Importing module: bzt.modules.siege
[2018-04-24 20:26:54,729 DEBUG root] Loading class: 'SiegeExecutor' from <module 'bzt.modules.siege' from '/usr/local/lib/python3.6/site-packages/bzt/modules/siege.py'>
[2018-04-24 20:26:54,729 DEBUG Engine.local] Preparing executor: siege/140660991201968
[2018-04-24 20:26:54,730 DEBUG Engine.siege.Siege] Check Siege: siege
[2018-04-24 20:26:54,730 DEBUG bzt.utils] Executing shell: ['siege', '-h'] at .
[2018-04-24 20:26:54,737 DEBUG Engine] New artifact filename: /source/server/2018-04-24_20-26-54.606586/siegerc
[2018-04-24 20:26:54,740 DEBUG Engine] New artifact filename: /source/server/2018-04-24_20-26-54.606586/siege.url
[2018-04-24 20:26:54,741 DEBUG Engine] New artifact filename: /source/server/2018-04-24_20-26-54.606586/siege.out
[2018-04-24 20:26:54,743 DEBUG Engine] New artifact filename: /source/server/2018-04-24_20-26-54.606586/siege.err
[2018-04-24 20:26:54,744 DEBUG Engine] Module config: final-stats defaultdict(None, {'class': 'bzt.modules.reporting.FinalStatus'})
[2018-04-24 20:26:54,744 DEBUG root] Importing module: bzt.modules.reporting
[2018-04-24 20:26:54,782 DEBUG easyprocess] version=0.2.3
[2018-04-24 20:26:54,783 DEBUG pyvirtualdisplay] version=0.2.1
[2018-04-24 20:26:54,785 DEBUG root] Loading class: 'FinalStatus' from <module 'bzt.modules.reporting' from '/usr/local/lib/python3.6/site-packages/bzt/modules/reporting.py'>
[2018-04-24 20:26:54,786 DEBUG Engine] Module config: console defaultdict(None, {'class': 'bzt.modules.console.ConsoleStatusReporter'})
[2018-04-24 20:26:54,786 DEBUG root] Importing module: bzt.modules.console
[2018-04-24 20:26:54,786 DEBUG root] Loading class: 'ConsoleStatusReporter' from <module 'bzt.modules.console' from '/usr/local/lib/python3.6/site-packages/bzt/modules/console.py'>
[2018-04-24 20:26:54,791 DEBUG Engine.Configuration] Dumping YAML config into /source/server/2018-04-24_20-26-54.606586/effective.yml
[2018-04-24 20:26:54,811 DEBUG Engine.Configuration] Dumping JSON config into /source/server/2018-04-24_20-26-54.606586/effective.json
[2018-04-24 20:26:54,812 INFO Engine] Starting...
[2018-04-24 20:26:54,812 DEBUG Engine] Startup <bzt.modules.monitoring.Monitoring object at 0x7fee3f4e7ba8>
[2018-04-24 20:26:54,813 DEBUG Engine] Startup <bzt.modules.aggregator.ConsolidatingAggregator object at 0x7fee3f4e7f60>
[2018-04-24 20:26:54,813 DEBUG Engine] Startup <bzt.modules.reporting.FinalStatus object at 0x7fee306a1e10>
[2018-04-24 20:26:54,814 DEBUG Engine] Startup <bzt.modules.console.ConsoleStatusReporter object at 0x7fee306a1f60>
[2018-04-24 20:26:54,814 INFO Engine.console] Waiting for results...
[2018-04-24 20:26:54,815 DEBUG Engine] Startup <bzt.modules.provisioning.Local object at 0x7fee3f4e7eb8>
[2018-04-24 20:26:54,815 DEBUG Engine.local] Delay setup for siege/simplest: 0(start-at) + 0(delay) = 0
[2018-04-24 20:26:54,817 DEBUG Engine.Configuration] Dumping YAML config into /source/server/2018-04-24_20-26-54.606586/effective.yml
[2018-04-24 20:26:54,835 DEBUG Engine.Configuration] Dumping JSON config into /source/server/2018-04-24_20-26-54.606586/effective.json
[2018-04-24 20:26:54,838 DEBUG root] Leveling down log file verbosity, use -v option to have DEBUG messages enabled
[2018-04-24 20:26:54,838 DEBUG root] Leveled up log file verbosity
[2018-04-24 20:26:54,839 DEBUG bzt.utils] Executing shell: ['siege', '--reps', '5', '--benchmark', '--concurrent', '100', '--file', '/source/server/2018-04-24_20-26-54.606586/siege.url'] at /source/server
[2018-04-24 20:26:54,845 DEBUG root] Leveling down log file verbosity, use -v option to have DEBUG messages enabled
[2018-04-24 20:26:56,874 WARNING Engine] Please wait for graceful shutdown...
[2018-04-24 20:26:56,874 DEBUG root] Leveled up log file verbosity
[2018-04-24 20:26:56,875 INFO Engine] Shutting down...
[2018-04-24 20:26:56,875 DEBUG Engine] Current stop reason: None
[2018-04-24 20:26:56,876 DEBUG Engine.local] Shutdown siege/simplest
[2018-04-24 20:26:56,878 DEBUG Engine.Configuration] Dumping YAML config into /source/server/2018-04-24_20-26-54.606586/effective.yml
[2018-04-24 20:26:56,898 DEBUG Engine.Configuration] Dumping JSON config into /source/server/2018-04-24_20-26-54.606586/effective.json
[2018-04-24 20:26:56,899 INFO Engine] Post-processing...
[2018-04-24 20:26:56,900 DEBUG Engine.local] Post-process siege/simplest
[2018-04-24 20:26:56,901 DEBUG Engine.siege.DataLogReader.FileReader] Reading: /source/server/2018-04-24_20-26-54.606586/siege.out
[2018-04-24 20:26:56,901 DEBUG Engine.siege.DataLogReader] Buffer len: 1
[2018-04-24 20:26:56,902 DEBUG Engine.siege.DataLogReader] Aggregating: 1524601615
[2018-04-24 20:26:56,906 DEBUG Engine.consolidator] Consolidator buffer[1]: dict_keys([1524601615])
[2018-04-24 20:26:56,907 DEBUG Engine.consolidator] Merging into 1524601615
[2018-04-24 20:26:56,907 DEBUG Engine.consolidator] Merging 1524601615
[2018-04-24 20:26:56,916 DEBUG Engine.consolidator] Processed datapoint: 1524601615/None
[2018-04-24 20:26:56,916 INFO Engine.final-stats] Test duration: 0:00:02
[2018-04-24 20:26:56,917 INFO Engine.final-stats] Samples count: 100, 0.00% failures
[2018-04-24 20:26:56,918 INFO Engine.final-stats] Average times: total 0.491, latency 0.000, connect 0.000
[2018-04-24 20:26:56,918 INFO Engine.final-stats] Percentile 0.0%: 0.460
[2018-04-24 20:26:56,919 INFO Engine.final-stats] Percentile 50.0%: 0.490
[2018-04-24 20:26:56,919 INFO Engine.final-stats] Percentile 90.0%: 0.510
[2018-04-24 20:26:56,920 INFO Engine.final-stats] Percentile 95.0%: 0.510
[2018-04-24 20:26:56,921 INFO Engine.final-stats] Percentile 99.0%: 0.530
[2018-04-24 20:26:56,921 INFO Engine.final-stats] Percentile 99.9%: 0.530
[2018-04-24 20:26:56,922 INFO Engine.final-stats] Percentile 100.0%: 0.530
[2018-04-24 20:26:56,922 DEBUG Engine.console] No logger_handler or orig_stream was detected
[2018-04-24 20:26:56,925 DEBUG Engine.Configuration] Dumping YAML config into /source/server/2018-04-24_20-26-54.606586/effective.yml
[2018-04-24 20:26:56,954 DEBUG Engine.Configuration] Dumping JSON config into /source/server/2018-04-24_20-26-54.606586/effective.json
[2018-04-24 20:26:56,955 INFO root] Artifacts dir: /source/server/2018-04-24_20-26-54.606586
[2018-04-24 20:26:56,956 INFO root] Done performing with code: 0
[2018-04-24 20:26:56,956 DEBUG root] Closing log handler: /source/server/2018-04-24_20-26-54.606586/bzt.log
