** SIEGE 4.0.4
** Preparing 100 concurrent users for battle.
The server is now under siege...
[[1;33merror[0m] Failed to make an SSL connection: 5
[[1;33merror[0m] Failed to make an SSL connection: 5
[[1;33merror[0m] Failed to make an SSL connection: 5
[[1;33merror[0m] Failed to make an SSL connection: 5
[[1;33merror[0m] Failed to make an SSL connection: 5
[[1;33merror[0m] Failed to make an SSL connection: 5
[[1;33merror[0m] Failed to make an SSL connection: 5
[[1;33merror[0m] Failed to make an SSL connection: 5
[[1;33merror[0m] Failed to make an SSL connection: 5
[[1;33merror[0m] Failed to make an SSL connection: 5
[[1;33merror[0m] Failed to make an SSL connection: 5
[[1;33merror[0m] Failed to make an SSL connection: 5
[[1;33merror[0m] Failed to make an SSL connection: 5
[[1;33merror[0m] Failed to make an SSL connection: 5
[[1;33merror[0m] Failed to make an SSL connection: 5
[[1;33merror[0m] Failed to make an SSL connection: 5
[[1;33merror[0m] Failed to make an SSL connection: 5
[[1;33merror[0m] Failed to make an SSL connection: 5
[[1;33merror[0m] Failed to make an SSL connection: 5
[[1;33merror[0m] Failed to make an SSL connection: 5
[[1;33merror[0m] Failed to make an SSL connection: 5
[[1;33merror[0m] Failed to make an SSL connection: 5
[[1;33merror[0m] Failed to make an SSL connection: 5
[[1;33merror[0m] Failed to make an SSL connection: 5
[[1;33merror[0m] Failed to make an SSL connection: 5
[[1;33merror[0m] Failed to make an SSL connection: 5
[[1;33merror[0m] Failed to make an SSL connection: 5
[[1;33merror[0m] Failed to make an SSL connection: 5
[[1;33merror[0m] Failed to make an SSL connection: 5
[[1;33merror[0m] Failed to make an SSL connection: 5
[[1;33merror[0m] Failed to make an SSL connection: 5
[[1;33merror[0m] Failed to make an SSL connection: 5
[[1;33merror[0m] Failed to make an SSL connection: 5
[[1;33merror[0m] Failed to make an SSL connection: 5
[[1;33merror[0m] Failed to make an SSL connection: 5
[[1;33merror[0m] Failed to make an SSL connection: 5
[[1;33merror[0m] Failed to make an SSL connection: 5
[[1;33merror[0m] Failed to make an SSL connection: 5
[[1;33merror[0m] Failed to make an SSL connection: 5
[[1;33merror[0m] Failed to make an SSL connection: 5
[[1;33merror[0m] Failed to make an SSL connection: 5
[[1;33merror[0m] Failed to make an SSL connection: 5
[[1;33merror[0m] Failed to make an SSL connection: 5
[[1;33merror[0m] Failed to make an SSL connection: 5
[[1;33merror[0m] Failed to make an SSL connection: 5
[[1;33merror[0m] Failed to make an SSL connection: 5
[[1;33merror[0m] Failed to make an SSL connection: 5
[[1;33merror[0m] Failed to make an SSL connection: 5
[[1;33merror[0m] Failed to make an SSL connection: 5
[[1;33merror[0m] Failed to make an SSL connection: 5
[[1;33merror[0m] Failed to make an SSL connection: 5
[[1;33merror[0m] Failed to make an SSL connection: 5
[[1;33merror[0m] Failed to make an SSL connection: 5
[[1;33merror[0m] Failed to make an SSL connection: 5
[[1;33merror[0m] Failed to make an SSL connection: 5
[[1;33merror[0m] Failed to make an SSL connection: 5
[[1;33merror[0m] Failed to make an SSL connection: 5
[[1;33merror[0m] Failed to make an SSL connection: 5
[[1;33merror[0m] Failed to make an SSL connection: 5
[[1;33merror[0m] Failed to make an SSL connection: 5
[[1;33merror[0m] Failed to make an SSL connection: 5
[[1;33merror[0m] Failed to make an SSL connection: 5
[[1;33merror[0m] Failed to make an SSL connection: 5
[[1;33merror[0m] Failed to make an SSL connection: 5
[[1;33merror[0m] Failed to make an SSL connection: 5
[[1;33merror[0m] Failed to make an SSL connection: 5
[[1;33merror[0m] Failed to make an SSL connection: 5
[[1;33merror[0m] Failed to make an SSL connection: 5
[[1;33merror[0m] Failed to make an SSL connection: 5
[[1;33merror[0m] Failed to make an SSL connection: 5
[[1;33merror[0m] Failed to make an SSL connection: 5
[[1;33merror[0m] Failed to make an SSL connection: 5
[[1;33merror[0m] Failed to make an SSL connection: 5
[[1;33merror[0m] Failed to make an SSL connection: 5
[[1;33merror[0m] Failed to make an SSL connection: 5
[[1;33merror[0m] Failed to make an SSL connection: 5
[[1;33merror[0m] Failed to make an SSL connection: 5
[[1;33merror[0m] Failed to make an SSL connection: 5
[[1;33merror[0m] Failed to make an SSL connection: 5
[[1;33merror[0m] Failed to make an SSL connection: 5
[[1;33merror[0m] Failed to make an SSL connection: 5
[[1;33merror[0m] Failed to make an SSL connection: 5
[[1;33merror[0m] Failed to make an SSL connection: 5
[[1;33merror[0m] Failed to make an SSL connection: 5
[[1;33merror[0m] Failed to make an SSL connection: 5
[[1;33merror[0m] Failed to make an SSL connection: 5
[[1;33merror[0m] Failed to make an SSL connection: 5
[[1;33merror[0m] Failed to make an SSL connection: 5
[[1;33merror[0m] Failed to make an SSL connection: 5
[[1;33merror[0m] Failed to make an SSL connection: 5
[[1;33merror[0m] Failed to make an SSL connection: 5
[[1;33merror[0m] Failed to make an SSL connection: 5
[[1;33merror[0m] Failed to make an SSL connection: 5
[[1;33merror[0m] Failed to make an SSL connection: 5
[[1;33merror[0m] Failed to make an SSL connection: 5
[[1;33merror[0m] Failed to make an SSL connection: 5
[[1;33merror[0m] Failed to make an SSL connection: 5
[[1;33merror[0m] Failed to make an SSL connection: 5
[[1;33merror[0m] Failed to make an SSL connection: 5
[[1;33merror[0m] Failed to make an SSL connection: 5
[[1;33merror[0m] Failed to make an SSL connection: 5
[[1;33merror[0m] Failed to make an SSL connection: 5
[[1;33merror[0m] Failed to make an SSL connection: 5
[[1;33merror[0m] Failed to make an SSL connection: 5
[[1;33merror[0m] Failed to make an SSL connection: 5
[[1;33merror[0m] Failed to make an SSL connection: 5
[[1;33merror[0m] Failed to make an SSL connection: 5
[[1;33merror[0m] Failed to make an SSL connection: 5
[[1;33merror[0m] Failed to make an SSL connection: 5
[[1;33merror[0m] Failed to make an SSL connection: 5
[[1;33merror[0m] Failed to make an SSL connection: 5
[[1;33merror[0m] Failed to make an SSL connection: 5
[[1;33merror[0m] Failed to make an SSL connection: 5
[[1;33merror[0m] Failed to make an SSL connection: 5
[[1;33merror[0m] Failed to make an SSL connection: 5
[[1;33merror[0m] Failed to make an SSL connection: 5
[[1;33merror[0m] Failed to make an SSL connection: 5
[[1;33merror[0m] Failed to make an SSL connection: 5
[[1;33merror[0m] Failed to make an SSL connection: 5
[[1;33merror[0m] Failed to make an SSL connection: 5
[[1;33merror[0m] Failed to make an SSL connection: 5
[[1;33merror[0m] Failed to make an SSL connection: 5
[[1;33merror[0m] Failed to make an SSL connection: 5
[[1;33merror[0m] Failed to make an SSL connection: 5
[[1;33merror[0m] Failed to make an SSL connection: 5
[[1;33merror[0m] Failed to make an SSL connection: 5
[[1;33merror[0m] Failed to make an SSL connection: 5
[[1;33merror[0m] Failed to make an SSL connection: 5
[[1;33merror[0m] Failed to make an SSL connection: 5
[[1;33merror[0m] Failed to make an SSL connection: 5
[[1;33merror[0m] Failed to make an SSL connection: 5
[[1;33merror[0m] Failed to make an SSL connection: 5
[[1;33merror[0m] Failed to make an SSL connection: 5
[[1;33merror[0m] Failed to make an SSL connection: 5
[[1;33merror[0m] Failed to make an SSL connection: 5
[[1;33merror[0m] Failed to make an SSL connection: 5
[[1;33merror[0m] Failed to make an SSL connection: 5
[[1;33merror[0m] Failed to make an SSL connection: 5
[[1;33merror[0m] Failed to make an SSL connection: 5
[[1;33merror[0m] Failed to make an SSL connection: 5
[[1;33merror[0m] Failed to make an SSL connection: 5
[[1;33merror[0m] Failed to make an SSL connection: 5
[[1;33merror[0m] Failed to make an SSL connection: 5
[[1;33merror[0m] Failed to make an SSL connection: 5
[[1;33merror[0m] Failed to make an SSL connection: 5
[[1;33merror[0m] Failed to make an SSL connection: 5
[[1;33merror[0m] Failed to make an SSL connection: 5
[[1;33merror[0m] Failed to make an SSL connection: 5
[[1;33merror[0m] Failed to make an SSL connection: 5
[[1;33merror[0m] Failed to make an SSL connection: 5
[[1;33merror[0m] Failed to make an SSL connection: 5
[[1;33merror[0m] Failed to make an SSL connection: 5
[[1;33merror[0m] Failed to make an SSL connection: 5
[[1;33merror[0m] Failed to make an SSL connection: 5
[[1;33merror[0m] Failed to make an SSL connection: 5
[[1;33merror[0m] Failed to make an SSL connection: 5
[[1;33merror[0m] Failed to make an SSL connection: 5
[[1;33merror[0m] Failed to make an SSL connection: 5
[[1;33merror[0m] Failed to make an SSL connection: 5
[[1;33merror[0m] Failed to make an SSL connection: 5
[[1;33merror[0m] Failed to make an SSL connection: 5
[[1;33merror[0m] Failed to make an SSL connection: 5
[[1;33merror[0m] Failed to make an SSL connection: 5
[[1;33merror[0m] Failed to make an SSL connection: 5
[[1;33merror[0m] Failed to make an SSL connection: 5
[[1;33merror[0m] Failed to make an SSL connection: 5
[[1;33merror[0m] Failed to make an SSL connection: 5
[[1;33merror[0m] Failed to make an SSL connection: 5
[[1;33merror[0m] Failed to make an SSL connection: 5
[[1;33merror[0m] Failed to make an SSL connection: 5
[[1;33merror[0m] Failed to make an SSL connection: 5
[[1;33merror[0m] Failed to make an SSL connection: 5
[[1;33merror[0m] Failed to make an SSL connection: 5
[[1;33merror[0m] Failed to make an SSL connection: 5
[[1;33merror[0m] Failed to make an SSL connection: 5
[[1;33merror[0m] Failed to make an SSL connection: 5
[[1;33merror[0m] Failed to make an SSL connection: 5
[[1;33merror[0m] Failed to make an SSL connection: 5
[[1;33merror[0m] Failed to make an SSL connection: 5
[[1;33merror[0m] Failed to make an SSL connection: 5
[[1;33merror[0m] Failed to make an SSL connection: 5
[[1;33merror[0m] Failed to make an SSL connection: 5
[[1;33merror[0m] Failed to make an SSL connection: 5
[[1;33merror[0m] Failed to make an SSL connection: 5
[[1;33merror[0m] Failed to make an SSL connection: 5
[[1;33merror[0m] Failed to make an SSL connection: 5
[[1;33merror[0m] Failed to make an SSL connection: 5
[[1;33merror[0m] Failed to make an SSL connection: 5
[[1;33merror[0m] Failed to make an SSL connection: 5
[[1;33merror[0m] Failed to make an SSL connection: 5
[[1;33merror[0m] Failed to make an SSL connection: 5
[[1;33merror[0m] Failed to make an SSL connection: 5
[[1;33merror[0m] Failed to make an SSL connection: 5
[[1;33merror[0m] Failed to make an SSL connection: 5
[[1;33merror[0m] Failed to make an SSL connection: 5
[[1;33merror[0m] Failed to make an SSL connection: 5
[[1;33merror[0m] Failed to make an SSL connection: 5
[[1;33merror[0m] Failed to make an SSL connection: 5
[[1;33merror[0m] Failed to make an SSL connection: 5
[[1;33merror[0m] Failed to make an SSL connection: 5

Transactions:		         100 hits
Availability:		       20.00 %
Elapsed time:		        0.97 secs
Data transferred:	        2.52 MB
Response time:		        0.49 secs
Transaction rate:	      103.09 trans/sec
Throughput:		        2.60 MB/sec
Concurrency:		       50.65
Successful transactions:         100
Failed transactions:	         400
Longest transaction:	        0.53
Shortest transaction:	        0.46
 
