** SIEGE 4.0.4
** Preparing 100 concurrent users for battle.
The server is now under siege...
[[1;33merror[0m] Failed to make an SSL connection: 5
[[1;33merror[0m] Failed to make an SSL connection: 5
[[1;33merror[0m] Failed to make an SSL connection: 5
[[1;33merror[0m] Failed to make an SSL connection: 5
[[1;33merror[0m] Failed to make an SSL connection: 5
[[1;33merror[0m] Host not found: www.qa.rent.com

[[1;33merror[0m] Host not found: www.qa.rent.com

[[1;33merror[0m] Host not found: www.qa.rent.com

[[1;33merror[0m] Host not found: www.qa.rent.com

[[1;33merror[0m] Host not found: www.qa.rent.com

[[1;33merror[0m] Host not found: www.qa.rent.com

[[1;33merror[0m] Host not found: www.qa.rent.com

[[1;33merror[0m] Host not found: www.qa.rent.com

[[1;33merror[0m] Host not found: www.qa.rent.com

[[1;33merror[0m] Host not found: www.qa.rent.com

[[1;33merror[0m] Host not found: www.qa.rent.com

[[1;33merror[0m] Host not found: www.qa.rent.com

[[1;33merror[0m] Host not found: www.qa.rent.com

[[1;33merror[0m] Host not found: www.qa.rent.com

[[1;33merror[0m] Host not found: www.qa.rent.com

[[1;33merror[0m] Host not found: www.qa.rent.com

[[1;33merror[0m] Host not found: www.qa.rent.com

[[1;33merror[0m] Host not found: www.qa.rent.com

[[1;33merror[0m] Host not found: www.qa.rent.com

[[1;33merror[0m] Host not found: www.qa.rent.com

[[1;33merror[0m] Host not found: www.qa.rent.com

[[1;33merror[0m] Host not found: www.qa.rent.com

[[1;33merror[0m] Host not found: www.qa.rent.com

[[1;33merror[0m] Host not found: www.qa.rent.com

[[1;33merror[0m] Host not found: www.qa.rent.com

[[1;33merror[0m] Host not found: www.qa.rent.com

[[1;32malert[0m] socket: select and discovered it's not ready sock.c:351: Connection timed out
[[1;32malert[0m] socket: read check timed out(30) sock.c:240: Connection timed out
[[1;32malert[0m] socket: select and discovered it's not ready sock.c:351: Connection timed out
[[1;32malert[0m] socket: read check timed out(30) sock.c:240: Connection timed out
[[1;32malert[0m] socket: select and discovered it's not ready sock.c:351: Connection timed out
[[1;32malert[0m] socket: read check timed out(30) sock.c:240: Connection timed out
[[1;32malert[0m] socket: select and discovered it's not ready sock.c:351: Connection timed out
[[1;32malert[0m] socket: read check timed out(30) sock.c:240: Connection timed out
[[1;32malert[0m] socket: select and discovered it's not ready sock.c:351: Connection timed out
[[1;32malert[0m] socket: read check timed out(30) sock.c:240: Connection timed out
[[1;32malert[0m] socket: select and discovered it's not ready sock.c:351: Connection timed out
[[1;32malert[0m] socket: read check timed out(30) sock.c:240: Connection timed out
[[1;32malert[0m] socket: select and discovered it's not ready sock.c:351: Connection timed out
[[1;32malert[0m] socket: read check timed out(30) sock.c:240: Connection timed out
[[1;32malert[0m] socket: select and discovered it's not ready sock.c:351: Connection timed out
[[1;32malert[0m] socket: read check timed out(30) sock.c:240: Connection timed out
[[1;32malert[0m] socket: select and discovered it's not ready sock.c:351: Connection timed out
[[1;32malert[0m] socket: read check timed out(30) sock.c:240: Connection timed out
[[1;32malert[0m] socket: select and discovered it's not ready sock.c:351: Connection timed out
[[1;32malert[0m] socket: read check timed out(30) sock.c:240: Connection timed out
[[1;32malert[0m] socket: select and discovered it's not ready sock.c:351: Connection timed out
[[1;32malert[0m] socket: read check timed out(30) sock.c:240: Connection timed out
[[1;32malert[0m] socket: select and discovered it's not ready sock.c:351: Connection timed out
[[1;32malert[0m] socket: read check timed out(30) sock.c:240: Connection timed out
[[1;32malert[0m] socket: select and discovered it's not ready sock.c:351: Connection timed out
[[1;32malert[0m] socket: read check timed out(30) sock.c:240: Connection timed out
[[1;32malert[0m] socket: select and discovered it's not ready sock.c:351: Connection timed out
[[1;32malert[0m] socket: read check timed out(30) sock.c:240: Connection timed out
[[1;32malert[0m] socket: select and discovered it's not ready sock.c:351: Connection timed out
[[1;32malert[0m] socket: read check timed out(30) sock.c:240: Connection timed out
[[1;32malert[0m] socket: select and discovered it's not ready sock.c:351: Connection timed out
[[1;32malert[0m] socket: read check timed out(30) sock.c:240: Connection timed out
[[1;32malert[0m] socket: select and discovered it's not ready sock.c:351: Connection timed out
[[1;32malert[0m] socket: read check timed out(30) sock.c:240: Connection timed out
[[1;32malert[0m] socket: select and discovered it's not ready sock.c:351: Connection timed out
[[1;32malert[0m] socket: read check timed out(30) sock.c:240: Connection timed out
[[1;32malert[0m] socket: select and discovered it's not ready sock.c:351: Connection timed out
[[1;32malert[0m] socket: read check timed out(30) sock.c:240: Connection timed out
[[1;32malert[0m] socket: select and discovered it's not ready sock.c:351: Connection timed out
[[1;32malert[0m] socket: read check timed out(30) sock.c:240: Connection timed out
[[1;32malert[0m] socket: select and discovered it's not ready sock.c:351: Connection timed out
[[1;32malert[0m] socket: read check timed out(30) sock.c:240: Connection timed out
[[1;32malert[0m] socket: select and discovered it's not ready sock.c:351: Connection timed out
[[1;32malert[0m] socket: read check timed out(30) sock.c:240: Connection timed out
[[1;32malert[0m] socket: select and discovered it's not ready sock.c:351: Connection timed out
[[1;32malert[0m] socket: read check timed out(30) sock.c:240: Connection timed out
[[1;32malert[0m] socket: select and discovered it's not ready sock.c:351: Connection timed out
[[1;32malert[0m] socket: read check timed out(30) sock.c:240: Connection timed out
[[1;32malert[0m] socket: select and discovered it's not ready sock.c:351: Connection timed out
[[1;32malert[0m] socket: read check timed out(30) sock.c:240: Connection timed out
[[1;32malert[0m] socket: select and discovered it's not ready sock.c:351: Connection timed out
[[1;32malert[0m] socket: read check timed out(30) sock.c:240: Connection timed out
[[1;32malert[0m] socket: select and discovered it's not ready sock.c:351: Connection timed out
[[1;32malert[0m] socket: read check timed out(30) sock.c:240: Connection timed out
[[1;32malert[0m] socket: select and discovered it's not ready sock.c:351: Connection timed out
[[1;32malert[0m] socket: read check timed out(30) sock.c:240: Connection timed out
[[1;32malert[0m] socket: select and discovered it's not ready sock.c:351: Connection timed out
[[1;32malert[0m] socket: read check timed out(30) sock.c:240: Connection timed out
[[1;32malert[0m] socket: select and discovered it's not ready sock.c:351: Connection timed out
[[1;32malert[0m] socket: read check timed out(30) sock.c:240: Connection timed out
[[1;32malert[0m] socket: select and discovered it's not ready sock.c:351: Connection timed out
[[1;32malert[0m] socket: read check timed out(30) sock.c:240: Connection timed out
[[1;32malert[0m] socket: select and discovered it's not ready sock.c:351: Connection timed out
[[1;32malert[0m] socket: read check timed out(30) sock.c:240: Connection timed out
[[1;32malert[0m] socket: select and discovered it's not ready sock.c:351: Connection timed out
[[1;32malert[0m] socket: read check timed out(30) sock.c:240: Connection timed out
[[1;32malert[0m] socket: select and discovered it's not ready sock.c:351: Connection timed out
[[1;32malert[0m] socket: read check timed out(30) sock.c:240: Connection timed out
[[1;32malert[0m] socket: select and discovered it's not ready sock.c:351: Connection timed out
[[1;32malert[0m] socket: read check timed out(30) sock.c:240: Connection timed out
[[1;32malert[0m] socket: select and discovered it's not ready sock.c:351: Connection timed out
[[1;32malert[0m] socket: read check timed out(30) sock.c:240: Connection timed out
[[1;32malert[0m] socket: select and discovered it's not ready sock.c:351: Connection timed out
[[1;32malert[0m] socket: read check timed out(30) sock.c:240: Connection timed out
[[1;32malert[0m] socket: select and discovered it's not ready sock.c:351: Connection timed out
[[1;32malert[0m] socket: read check timed out(30) sock.c:240: Connection timed out
[[1;32malert[0m] socket: select and discovered it's not ready sock.c:351: Connection timed out
[[1;32malert[0m] socket: read check timed out(30) sock.c:240: Connection timed out
[[1;32malert[0m] socket: select and discovered it's not ready sock.c:351: Connection timed out
[[1;32malert[0m] socket: read check timed out(30) sock.c:240: Connection timed out
[[1;32malert[0m] socket: select and discovered it's not ready sock.c:351: Connection timed out
[[1;32malert[0m] socket: read check timed out(30) sock.c:240: Connection timed out
[[1;32malert[0m] socket: select and discovered it's not ready sock.c:351: Connection timed out
[[1;32malert[0m] socket: read check timed out(30) sock.c:240: Connection timed out
[[1;32malert[0m] socket: select and discovered it's not ready sock.c:351: Connection timed out
[[1;32malert[0m] socket: read check timed out(30) sock.c:240: Connection timed out
[[1;32malert[0m] socket: select and discovered it's not ready sock.c:351: Connection timed out
[[1;32malert[0m] socket: select and discovered it's not ready sock.c:351: Connection timed out
[[1;32malert[0m] socket: read check timed out(30) sock.c:240: Connection timed out
[[1;32malert[0m] socket: read check timed out(30) sock.c:240: Connection timed out
[[1;33merror[0m] Failed to make an SSL connection: 5
[[1;32malert[0m] socket: select and discovered it's not ready sock.c:351: Connection timed out
[[1;32malert[0m] socket: read check timed out(30) sock.c:240: Connection timed out
[[1;32malert[0m] socket: select and discovered it's not ready sock.c:351: Connection timed out
[[1;32malert[0m] socket: read check timed out(30) sock.c:240: Connection timed out
[[1;32malert[0m] socket: select and discovered it's not ready sock.c:351: Connection timed out
[[1;32malert[0m] socket: read check timed out(30) sock.c:240: Connection timed out
[[1;32malert[0m] socket: select and discovered it's not ready sock.c:351: Connection timed out
[[1;32malert[0m] socket: read check timed out(30) sock.c:240: Connection timed out
[[1;32malert[0m] socket: select and discovered it's not ready sock.c:351: Connection timed out
[[1;32malert[0m] socket: read check timed out(30) sock.c:240: Connection timed out
[[1;32malert[0m] socket: select and discovered it's not ready sock.c:351: Connection timed out
[[1;32malert[0m] socket: read check timed out(30) sock.c:240: Connection timed out
[[1;32malert[0m] socket: select and discovered it's not ready sock.c:351: Connection timed out
[[1;32malert[0m] socket: read check timed out(30) sock.c:240: Connection timed out
[[1;32malert[0m] socket: select and discovered it's not ready sock.c:351: Connection timed out
[[1;32malert[0m] socket: read check timed out(30) sock.c:240: Connection timed out
[[1;32malert[0m] socket: select and discovered it's not ready sock.c:351: Connection timed out
[[1;32malert[0m] socket: read check timed out(30) sock.c:240: Connection timed out
[[1;32malert[0m] socket: select and discovered it's not ready sock.c:351: Connection timed out
[[1;32malert[0m] socket: read check timed out(30) sock.c:240: Connection timed out
[[1;32malert[0m] socket: select and discovered it's not ready sock.c:351: Connection timed out
[[1;32malert[0m] socket: read check timed out(30) sock.c:240: Connection timed out
[[1;32malert[0m] socket: select and discovered it's not ready sock.c:351: Connection timed out
[[1;32malert[0m] socket: read check timed out(30) sock.c:240: Connection timed out
[[1;32malert[0m] socket: select and discovered it's not ready sock.c:351: Connection timed out
[[1;32malert[0m] socket: read check timed out(30) sock.c:240: Connection timed out
[[1;32malert[0m] socket: select and discovered it's not ready sock.c:351: Connection timed out
[[1;32malert[0m] socket: read check timed out(30) sock.c:240: Connection timed out
[[1;32malert[0m] socket: select and discovered it's not ready sock.c:351: Connection timed out
[[1;32malert[0m] socket: read check timed out(30) sock.c:240: Connection timed out
[[1;32malert[0m] socket: select and discovered it's not ready sock.c:351: Connection timed out
[[1;32malert[0m] socket: read check timed out(30) sock.c:240: Connection timed out
[[1;32malert[0m] socket: select and discovered it's not ready sock.c:351: Connection timed out
[[1;32malert[0m] socket: read check timed out(30) sock.c:240: Connection timed out
[[1;32malert[0m] socket: select and discovered it's not ready sock.c:351: Connection timed out
[[1;32malert[0m] socket: read check timed out(30) sock.c:240: Connection timed out
[[1;32malert[0m] socket: select and discovered it's not ready sock.c:351: Connection timed out
[[1;32malert[0m] socket: read check timed out(30) sock.c:240: Connection timed out
[[1;32malert[0m] socket: select and discovered it's not ready sock.c:351: Connection timed out
[[1;32malert[0m] socket: read check timed out(30) sock.c:240: Connection timed out
[[1;32malert[0m] socket: select and discovered it's not ready sock.c:351: Connection timed out
[[1;32malert[0m] socket: read check timed out(30) sock.c:240: Connection timed out
[[1;32malert[0m] socket: select and discovered it's not ready sock.c:351: Connection timed out
[[1;32malert[0m] socket: read check timed out(30) sock.c:240: Connection timed out
[[1;32malert[0m] socket: select and discovered it's not ready sock.c:351: Connection timed out
[[1;32malert[0m] socket: read check timed out(30) sock.c:240: Connection timed out
[[1;32malert[0m] socket: select and discovered it's not ready sock.c:351: Connection timed out
[[1;32malert[0m] socket: read check timed out(30) sock.c:240: Connection timed out
[[1;32malert[0m] socket: select and discovered it's not ready sock.c:351: Connection timed out
[[1;32malert[0m] socket: read check timed out(30) sock.c:240: Connection timed out
[[1;32malert[0m] socket: select and discovered it's not ready sock.c:351: Connection timed out
[[1;32malert[0m] socket: read check timed out(30) sock.c:240: Connection timed out
[[1;32malert[0m] socket: select and discovered it's not ready sock.c:351: Connection timed out
[[1;32malert[0m] socket: read check timed out(30) sock.c:240: Connection timed out
[[1;32malert[0m] socket: select and discovered it's not ready sock.c:351: Connection timed out
[[1;32malert[0m] socket: read check timed out(30) sock.c:240: Connection timed out
[[1;32malert[0m] socket: select and discovered it's not ready sock.c:351: Connection timed out
[[1;32malert[0m] socket: read check timed out(30) sock.c:240: Connection timed out
[[1;33merror[0m] Failed to make an SSL connection: 5

Lifting the server siege...
Transactions:		        3358 hits
Availability:		       96.72 %
Elapsed time:		      299.51 secs
Data transferred:	       84.69 MB
Response time:		        0.56 secs
Transaction rate:	       11.21 trans/sec
Throughput:		        0.28 MB/sec
Concurrency:		        6.29
Successful transactions:        3358
Failed transactions:	         114
Longest transaction:	       33.53
Shortest transaction:	        0.31
 
